<?xml version="1.0" encoding="UTF-8"?>
<!-- Generated by org.testng.reporters.JUnitXMLReporter -->
<testsuite hostname="DESKTOP-FEK46KV" ignored="0" name="Test" tests="8" failures="0" timestamp="2021-06-29T23:47:59 IST" time="17.502" errors="0">
  <testcase name="setUp" time="15.548" classname="parallelexes.Class2"/>
  <testcase name="setUp" time="15.843" classname="parallelexes.Class3"/>
  <testcase name="setUp" time="16.522" classname="parallelexes.Class4"/>
  <testcase name="setUp" time="16.56" classname="parallelexes.Class1"/>
  <testcase name="tearDown" time="1.36" classname="parallelexes.Class3"/>
  <testcase name="tearDown" time="0.681" classname="parallelexes.Class4"/>
  <testcase name="tearDown" time="0.772" classname="parallelexes.Class1"/>
  <testcase name="tearDown" time="1.802" classname="parallelexes.Class2"/>
</testsuite> <!-- Test -->
