<?xml version="1.0" encoding="UTF-8"?>
<!-- Generated by org.testng.reporters.JUnitReportReporter -->
<testsuite skipped="0" hostname="DESKTOP-FEK46KV" name="testNG.Flag6" tests="1000" failures="0" timestamp="2021-06-25T23:24:23 IST" time="1.134" errors="0">
  <testcase name="inconsistantBug" time="0.001" classname="testNG.Flag6"/>
  <system-out>
    <![CDATA[hii]]>
  </system-out>
  <testcase name="inconsistantBug" time="0.000" classname="testNG.Flag6"/>
  <system-out>
    <![CDATA[hii]]>
  </system-out>
  <testcase name="inconsistantBug" time="0.000" classname="testNG.Flag6"/>
  <system-out>
    <![CDATA[hii]]>
  </system-out>
  <testcase name="inconsistantBug" time="0.001" classname="testNG.Flag6"/>
  <system-out>
    <![CDATA[hii]]>
  </system-out>
  <testcase name="inconsistantBug" time="0.000" classname="testNG.Flag6"/>
  <system-out>
    <![CDATA[hii]]>
  </system-out>
  <testcase name="inconsistantBug" time="0.000" classname="testNG.Flag6"/>
  <system-out>
    <![CDATA[hii]]>
  </system-out>
  <testcase name="inconsistantBug" time="0.000" classname="testNG.Flag6"/>
  <system-out>
    <![CDATA[hii]]>
  </system-out>
  <testcase name="inconsistantBug" time="0.000" classname="testNG.Flag6"/>
  <system-out>
    <![CDATA[hii]]>
  </system-out>
  <testcase name="inconsistantBug" time="0.000" classname="testNG.Flag6"/>
  <system-out>
    <![CDATA[hii]]>
  </system-out>
  <testcase name="inconsistantBug" time="0.000" classname="testNG.Flag6"/>
  <system-out>
    <![CDATA[hii]]>
  </system-out>
  <testcase name="inconsistantBug" time="0.001" classname="testNG.Flag6"/>
  <system-out>
    <![CDATA[hii]]>
  </system-out>
  <testcase name="inconsistantBug" time="0.002" classname="testNG.Flag6"/>
  <system-out>
    <![CDATA[hii]]>
  </system-out>
  <testcase name="inconsistantBug" time="0.003" classname="testNG.Flag6"/>
  <system-out>
    <![CDATA[hii]]>
  </system-out>
  <testcase name="inconsistantBug" time="0.000" classname="testNG.Flag6"/>
  <system-out>
    <![CDATA[hii]]>
  </system-out>
  <testcase name="inconsistantBug" time="0.001" classname="testNG.Flag6"/>
  <system-out>
    <![CDATA[hii]]>
  </system-out>
  <testcase name="inconsistantBug" time="0.001" classname="testNG.Flag6"/>
  <system-out>
    <![CDATA[hii]]>
  </system-out>
  <testcase name="inconsistantBug" time="0.001" classname="testNG.Flag6"/>
  <system-out>
    <![CDATA[hii]]>
  </system-out>
  <testcase name="inconsistantBug" time="0.001" classname="testNG.Flag6"/>
  <system-out>
    <![CDATA[hii]]>
  </system-out>
  <testcase name="inconsistantBug" time="0.000" classname="testNG.Flag6"/>
  <system-out>
    <![CDATA[hii]]>
  </system-out>
  <testcase name="inconsistantBug" time="0.002" classname="testNG.Flag6"/>
  <system-out>
    <![CDATA[hii]]>
  </system-out>
  <testcase name="inconsistantBug" time="0.004" classname="testNG.Flag6"/>
  <system-out>
    <![CDATA[hii]]>
  </system-out>
  <testcase name="inconsistantBug" time="0.002" classname="testNG.Flag6"/>
  <system-out>
    <![CDATA[hii]]>
  </system-out>
  <testcase name="inconsistantBug" time="0.000" classname="testNG.Flag6"/>
  <system-out>
    <![CDATA[hii]]>
  </system-out>
  <testcase name="inconsistantBug" time="0.001" classname="testNG.Flag6"/>
  <system-out>
    <![CDATA[hii]]>
  </system-out>
  <testcase name="inconsistantBug" time="0.000" classname="testNG.Flag6"/>
  <system-out>
    <![CDATA[hii]]>
  </system-out>
  <testcase name="inconsistantBug" time="0.001" classname="testNG.Flag6"/>
  <system-out>
    <![CDATA[hii]]>
  </system-out>
  <testcase name="inconsistantBug" time="0.000" classname="testNG.Flag6"/>
  <system-out>
    <![CDATA[hii]]>
  </system-out>
  <testcase name="inconsistantBug" time="0.001" classname="testNG.Flag6"/>
  <system-out>
    <![CDATA[hii]]>
  </system-out>
  <testcase name="inconsistantBug" time="0.001" classname="testNG.Flag6"/>
  <system-out>
    <![CDATA[hii]]>
  </system-out>
  <testcase name="inconsistantBug" time="0.004" classname="testNG.Flag6"/>
  <system-out>
    <![CDATA[hii]]>
  </system-out>
  <testcase name="inconsistantBug" time="0.001" classname="testNG.Flag6"/>
  <system-out>
    <![CDATA[hii]]>
  </system-out>
  <testcase name="inconsistantBug" time="0.015" classname="testNG.Flag6"/>
  <system-out>
    <![CDATA[hii]]>
  </system-out>
  <testcase name="inconsistantBug" time="0.002" classname="testNG.Flag6"/>
  <system-out>
    <![CDATA[hii]]>
  </system-out>
  <testcase name="inconsistantBug" time="0.002" classname="testNG.Flag6"/>
  <system-out>
    <![CDATA[hii]]>
  </system-out>
  <testcase name="inconsistantBug" time="0.001" classname="testNG.Flag6"/>
  <system-out>
    <![CDATA[hii]]>
  </system-out>
  <testcase name="inconsistantBug" time="0.001" classname="testNG.Flag6"/>
  <system-out>
    <![CDATA[hii]]>
  </system-out>
  <testcase name="inconsistantBug" time="0.000" classname="testNG.Flag6"/>
  <system-out>
    <![CDATA[hii]]>
  </system-out>
  <testcase name="inconsistantBug" time="0.001" classname="testNG.Flag6"/>
  <system-out>
    <![CDATA[hii]]>
  </system-out>
  <testcase name="inconsistantBug" time="0.001" classname="testNG.Flag6"/>
  <system-out>
    <![CDATA[hii]]>
  </system-out>
  <testcase name="inconsistantBug" time="0.001" classname="testNG.Flag6"/>
  <system-out>
    <![CDATA[hii]]>
  </system-out>
  <testcase name="inconsistantBug" time="0.001" classname="testNG.Flag6"/>
  <system-out>
    <![CDATA[hii]]>
  </system-out>
  <testcase name="inconsistantBug" time="0.002" classname="testNG.Flag6"/>
  <system-out>
    <![CDATA[hii]]>
  </system-out>
  <testcase name="inconsistantBug" time="0.002" classname="testNG.Flag6"/>
  <system-out>
    <![CDATA[hii]]>
  </system-out>
  <testcase name="inconsistantBug" time="0.002" classname="testNG.Flag6"/>
  <system-out>
    <![CDATA[hii]]>
  </system-out>
  <testcase name="inconsistantBug" time="0.001" classname="testNG.Flag6"/>
  <system-out>
    <![CDATA[hii]]>
  </system-out>
  <testcase name="inconsistantBug" time="0.001" classname="testNG.Flag6"/>
  <system-out>
    <![CDATA[hii]]>
  </system-out>
  <testcase name="inconsistantBug" time="0.001" classname="testNG.Flag6"/>
  <system-out>
    <![CDATA[hii]]>
  </system-out>
  <testcase name="inconsistantBug" time="0.002" classname="testNG.Flag6"/>
  <system-out>
    <![CDATA[hii]]>
  </system-out>
  <testcase name="inconsistantBug" time="0.000" classname="testNG.Flag6"/>
  <system-out>
    <![CDATA[hii]]>
  </system-out>
  <testcase name="inconsistantBug" time="0.001" classname="testNG.Flag6"/>
  <system-out>
    <![CDATA[hii]]>
  </system-out>
  <testcase name="inconsistantBug" time="0.001" classname="testNG.Flag6"/>
  <system-out>
    <![CDATA[hii]]>
  </system-out>
  <testcase name="inconsistantBug" time="0.001" classname="testNG.Flag6"/>
  <system-out>
    <![CDATA[hii]]>
  </system-out>
  <testcase name="inconsistantBug" time="0.001" classname="testNG.Flag6"/>
  <system-out>
    <![CDATA[hii]]>
  </system-out>
  <testcase name="inconsistantBug" time="0.002" classname="testNG.Flag6"/>
  <system-out>
    <![CDATA[hii]]>
  </system-out>
  <testcase name="inconsistantBug" time="0.000" classname="testNG.Flag6"/>
  <system-out>
    <![CDATA[hii]]>
  </system-out>
  <testcase name="inconsistantBug" time="0.002" classname="testNG.Flag6"/>
  <system-out>
    <![CDATA[hii]]>
  </system-out>
  <testcase name="inconsistantBug" time="0.001" classname="testNG.Flag6"/>
  <system-out>
    <![CDATA[hii]]>
  </system-out>
  <testcase name="inconsistantBug" time="0.003" classname="testNG.Flag6"/>
  <system-out>
    <![CDATA[hii]]>
  </system-out>
  <testcase name="inconsistantBug" time="0.001" classname="testNG.Flag6"/>
  <system-out>
    <![CDATA[hii]]>
  </system-out>
  <testcase name="inconsistantBug" time="0.001" classname="testNG.Flag6"/>
  <system-out>
    <![CDATA[hii]]>
  </system-out>
  <testcase name="inconsistantBug" time="0.001" classname="testNG.Flag6"/>
  <system-out>
    <![CDATA[hii]]>
  </system-out>
  <testcase name="inconsistantBug" time="0.001" classname="testNG.Flag6"/>
  <system-out>
    <![CDATA[hii]]>
  </system-out>
  <testcase name="inconsistantBug" time="0.001" classname="testNG.Flag6"/>
  <system-out>
    <![CDATA[hii]]>
  </system-out>
  <testcase name="inconsistantBug" time="0.001" classname="testNG.Flag6"/>
  <system-out>
    <![CDATA[hii]]>
  </system-out>
  <testcase name="inconsistantBug" time="0.002" classname="testNG.Flag6"/>
  <system-out>
    <![CDATA[hii]]>
  </system-out>
  <testcase name="inconsistantBug" time="0.000" classname="testNG.Flag6"/>
  <system-out>
    <![CDATA[hii]]>
  </system-out>
  <testcase name="inconsistantBug" time="0.002" classname="testNG.Flag6"/>
  <system-out>
    <![CDATA[hii]]>
  </system-out>
  <testcase name="inconsistantBug" time="0.004" classname="testNG.Flag6"/>
  <system-out>
    <![CDATA[hii]]>
  </system-out>
  <testcase name="inconsistantBug" time="0.000" classname="testNG.Flag6"/>
  <system-out>
    <![CDATA[hii]]>
  </system-out>
  <testcase name="inconsistantBug" time="0.000" classname="testNG.Flag6"/>
  <system-out>
    <![CDATA[hii]]>
  </system-out>
  <testcase name="inconsistantBug" time="0.000" classname="testNG.Flag6"/>
  <system-out>
    <![CDATA[hii]]>
  </system-out>
  <testcase name="inconsistantBug" time="0.001" classname="testNG.Flag6"/>
  <system-out>
    <![CDATA[hii]]>
  </system-out>
  <testcase name="inconsistantBug" time="0.002" classname="testNG.Flag6"/>
  <system-out>
    <![CDATA[hii]]>
  </system-out>
  <testcase name="inconsistantBug" time="0.000" classname="testNG.Flag6"/>
  <system-out>
    <![CDATA[hii]]>
  </system-out>
  <testcase name="inconsistantBug" time="0.002" classname="testNG.Flag6"/>
  <system-out>
    <![CDATA[hii]]>
  </system-out>
  <testcase name="inconsistantBug" time="0.003" classname="testNG.Flag6"/>
  <system-out>
    <![CDATA[hii]]>
  </system-out>
  <testcase name="inconsistantBug" time="0.001" classname="testNG.Flag6"/>
  <system-out>
    <![CDATA[hii]]>
  </system-out>
  <testcase name="inconsistantBug" time="0.001" classname="testNG.Flag6"/>
  <system-out>
    <![CDATA[hii]]>
  </system-out>
  <testcase name="inconsistantBug" time="0.000" classname="testNG.Flag6"/>
  <system-out>
    <![CDATA[hii]]>
  </system-out>
  <testcase name="inconsistantBug" time="0.000" classname="testNG.Flag6"/>
  <system-out>
    <![CDATA[hii]]>
  </system-out>
  <testcase name="inconsistantBug" time="0.000" classname="testNG.Flag6"/>
  <system-out>
    <![CDATA[hii]]>
  </system-out>
  <testcase name="inconsistantBug" time="0.002" classname="testNG.Flag6"/>
  <system-out>
    <![CDATA[hii]]>
  </system-out>
  <testcase name="inconsistantBug" time="0.000" classname="testNG.Flag6"/>
  <system-out>
    <![CDATA[hii]]>
  </system-out>
  <testcase name="inconsistantBug" time="0.001" classname="testNG.Flag6"/>
  <system-out>
    <![CDATA[hii]]>
  </system-out>
  <testcase name="inconsistantBug" time="0.001" classname="testNG.Flag6"/>
  <system-out>
    <![CDATA[hii]]>
  </system-out>
  <testcase name="inconsistantBug" time="0.002" classname="testNG.Flag6"/>
  <system-out>
    <![CDATA[hii]]>
  </system-out>
  <testcase name="inconsistantBug" time="0.002" classname="testNG.Flag6"/>
  <system-out>
    <![CDATA[hii]]>
  </system-out>
  <testcase name="inconsistantBug" time="0.001" classname="testNG.Flag6"/>
  <system-out>
    <![CDATA[hii]]>
  </system-out>
  <testcase name="inconsistantBug" time="0.001" classname="testNG.Flag6"/>
  <system-out>
    <![CDATA[hii]]>
  </system-out>
  <testcase name="inconsistantBug" time="0.000" classname="testNG.Flag6"/>
  <system-out>
    <![CDATA[hii]]>
  </system-out>
  <testcase name="inconsistantBug" time="0.003" classname="testNG.Flag6"/>
  <system-out>
    <![CDATA[hii]]>
  </system-out>
  <testcase name="inconsistantBug" time="0.000" classname="testNG.Flag6"/>
  <system-out>
    <![CDATA[hii]]>
  </system-out>
  <testcase name="inconsistantBug" time="0.004" classname="testNG.Flag6"/>
  <system-out>
    <![CDATA[hii]]>
  </system-out>
  <testcase name="inconsistantBug" time="0.001" classname="testNG.Flag6"/>
  <system-out>
    <![CDATA[hii]]>
  </system-out>
  <testcase name="inconsistantBug" time="0.001" classname="testNG.Flag6"/>
  <system-out>
    <![CDATA[hii]]>
  </system-out>
  <testcase name="inconsistantBug" time="0.000" classname="testNG.Flag6"/>
  <system-out>
    <![CDATA[hii]]>
  </system-out>
  <testcase name="inconsistantBug" time="0.001" classname="testNG.Flag6"/>
  <system-out>
    <![CDATA[hii]]>
  </system-out>
  <testcase name="inconsistantBug" time="0.000" classname="testNG.Flag6"/>
  <system-out>
    <![CDATA[hii]]>
  </system-out>
  <testcase name="inconsistantBug" time="0.000" classname="testNG.Flag6"/>
  <system-out>
    <![CDATA[hii]]>
  </system-out>
  <testcase name="inconsistantBug" time="0.001" classname="testNG.Flag6"/>
  <system-out>
    <![CDATA[hii]]>
  </system-out>
  <testcase name="inconsistantBug" time="0.001" classname="testNG.Flag6"/>
  <system-out>
    <![CDATA[hii]]>
  </system-out>
  <testcase name="inconsistantBug" time="0.001" classname="testNG.Flag6"/>
  <system-out>
    <![CDATA[hii]]>
  </system-out>
  <testcase name="inconsistantBug" time="0.001" classname="testNG.Flag6"/>
  <system-out>
    <![CDATA[hii]]>
  </system-out>
  <testcase name="inconsistantBug" time="0.001" classname="testNG.Flag6"/>
  <system-out>
    <![CDATA[hii]]>
  </system-out>
  <testcase name="inconsistantBug" time="0.001" classname="testNG.Flag6"/>
  <system-out>
    <![CDATA[hii]]>
  </system-out>
  <testcase name="inconsistantBug" time="0.000" classname="testNG.Flag6"/>
  <system-out>
    <![CDATA[hii]]>
  </system-out>
  <testcase name="inconsistantBug" time="0.001" classname="testNG.Flag6"/>
  <system-out>
    <![CDATA[hii]]>
  </system-out>
  <testcase name="inconsistantBug" time="0.001" classname="testNG.Flag6"/>
  <system-out>
    <![CDATA[hii]]>
  </system-out>
  <testcase name="inconsistantBug" time="0.001" classname="testNG.Flag6"/>
  <system-out>
    <![CDATA[hii]]>
  </system-out>
  <testcase name="inconsistantBug" time="0.001" classname="testNG.Flag6"/>
  <system-out>
    <![CDATA[hii]]>
  </system-out>
  <testcase name="inconsistantBug" time="0.001" classname="testNG.Flag6"/>
  <system-out>
    <![CDATA[hii]]>
  </system-out>
  <testcase name="inconsistantBug" time="0.001" classname="testNG.Flag6"/>
  <system-out>
    <![CDATA[hii]]>
  </system-out>
  <testcase name="inconsistantBug" time="0.001" classname="testNG.Flag6"/>
  <system-out>
    <![CDATA[hii]]>
  </system-out>
  <testcase name="inconsistantBug" time="0.001" classname="testNG.Flag6"/>
  <system-out>
    <![CDATA[hii]]>
  </system-out>
  <testcase name="inconsistantBug" time="0.002" classname="testNG.Flag6"/>
  <system-out>
    <![CDATA[hii]]>
  </system-out>
  <testcase name="inconsistantBug" time="0.001" classname="testNG.Flag6"/>
  <system-out>
    <![CDATA[hii]]>
  </system-out>
  <testcase name="inconsistantBug" time="0.001" classname="testNG.Flag6"/>
  <system-out>
    <![CDATA[hii]]>
  </system-out>
  <testcase name="inconsistantBug" time="0.000" classname="testNG.Flag6"/>
  <system-out>
    <![CDATA[hii]]>
  </system-out>
  <testcase name="inconsistantBug" time="0.002" classname="testNG.Flag6"/>
  <system-out>
    <![CDATA[hii]]>
  </system-out>
  <testcase name="inconsistantBug" time="0.000" classname="testNG.Flag6"/>
  <system-out>
    <![CDATA[hii]]>
  </system-out>
  <testcase name="inconsistantBug" time="0.003" classname="testNG.Flag6"/>
  <system-out>
    <![CDATA[hii]]>
  </system-out>
  <testcase name="inconsistantBug" time="0.001" classname="testNG.Flag6"/>
  <system-out>
    <![CDATA[hii]]>
  </system-out>
  <testcase name="inconsistantBug" time="0.002" classname="testNG.Flag6"/>
  <system-out>
    <![CDATA[hii]]>
  </system-out>
  <testcase name="inconsistantBug" time="0.001" classname="testNG.Flag6"/>
  <system-out>
    <![CDATA[hii]]>
  </system-out>
  <testcase name="inconsistantBug" time="0.000" classname="testNG.Flag6"/>
  <system-out>
    <![CDATA[hii]]>
  </system-out>
  <testcase name="inconsistantBug" time="0.001" classname="testNG.Flag6"/>
  <system-out>
    <![CDATA[hii]]>
  </system-out>
  <testcase name="inconsistantBug" time="0.000" classname="testNG.Flag6"/>
  <system-out>
    <![CDATA[hii]]>
  </system-out>
  <testcase name="inconsistantBug" time="0.001" classname="testNG.Flag6"/>
  <system-out>
    <![CDATA[hii]]>
  </system-out>
  <testcase name="inconsistantBug" time="0.001" classname="testNG.Flag6"/>
  <system-out>
    <![CDATA[hii]]>
  </system-out>
  <testcase name="inconsistantBug" time="0.003" classname="testNG.Flag6"/>
  <system-out>
    <![CDATA[hii]]>
  </system-out>
  <testcase name="inconsistantBug" time="0.001" classname="testNG.Flag6"/>
  <system-out>
    <![CDATA[hii]]>
  </system-out>
  <testcase name="inconsistantBug" time="0.001" classname="testNG.Flag6"/>
  <system-out>
    <![CDATA[hii]]>
  </system-out>
  <testcase name="inconsistantBug" time="0.001" classname="testNG.Flag6"/>
  <system-out>
    <![CDATA[hii]]>
  </system-out>
  <testcase name="inconsistantBug" time="0.001" classname="testNG.Flag6"/>
  <system-out>
    <![CDATA[hii]]>
  </system-out>
  <testcase name="inconsistantBug" time="0.000" classname="testNG.Flag6"/>
  <system-out>
    <![CDATA[hii]]>
  </system-out>
  <testcase name="inconsistantBug" time="0.001" classname="testNG.Flag6"/>
  <system-out>
    <![CDATA[hii]]>
  </system-out>
  <testcase name="inconsistantBug" time="0.001" classname="testNG.Flag6"/>
  <system-out>
    <![CDATA[hii]]>
  </system-out>
  <testcase name="inconsistantBug" time="0.002" classname="testNG.Flag6"/>
  <system-out>
    <![CDATA[hii]]>
  </system-out>
  <testcase name="inconsistantBug" time="0.000" classname="testNG.Flag6"/>
  <system-out>
    <![CDATA[hii]]>
  </system-out>
  <testcase name="inconsistantBug" time="0.001" classname="testNG.Flag6"/>
  <system-out>
    <![CDATA[hii]]>
  </system-out>
  <testcase name="inconsistantBug" time="0.001" classname="testNG.Flag6"/>
  <system-out>
    <![CDATA[hii]]>
  </system-out>
  <testcase name="inconsistantBug" time="0.002" classname="testNG.Flag6"/>
  <system-out>
    <![CDATA[hii]]>
  </system-out>
  <testcase name="inconsistantBug" time="0.001" classname="testNG.Flag6"/>
  <system-out>
    <![CDATA[hii]]>
  </system-out>
  <testcase name="inconsistantBug" time="0.000" classname="testNG.Flag6"/>
  <system-out>
    <![CDATA[hii]]>
  </system-out>
  <testcase name="inconsistantBug" time="0.002" classname="testNG.Flag6"/>
  <system-out>
    <![CDATA[hii]]>
  </system-out>
  <testcase name="inconsistantBug" time="0.000" classname="testNG.Flag6"/>
  <system-out>
    <![CDATA[hii]]>
  </system-out>
  <testcase name="inconsistantBug" time="0.001" classname="testNG.Flag6"/>
  <system-out>
    <![CDATA[hii]]>
  </system-out>
  <testcase name="inconsistantBug" time="0.001" classname="testNG.Flag6"/>
  <system-out>
    <![CDATA[hii]]>
  </system-out>
  <testcase name="inconsistantBug" time="0.001" classname="testNG.Flag6"/>
  <system-out>
    <![CDATA[hii]]>
  </system-out>
  <testcase name="inconsistantBug" time="0.000" classname="testNG.Flag6"/>
  <system-out>
    <![CDATA[hii]]>
  </system-out>
  <testcase name="inconsistantBug" time="0.000" classname="testNG.Flag6"/>
  <system-out>
    <![CDATA[hii]]>
  </system-out>
  <testcase name="inconsistantBug" time="0.002" classname="testNG.Flag6"/>
  <system-out>
    <![CDATA[hii]]>
  </system-out>
  <testcase name="inconsistantBug" time="0.003" classname="testNG.Flag6"/>
  <system-out>
    <![CDATA[hii]]>
  </system-out>
  <testcase name="inconsistantBug" time="0.000" classname="testNG.Flag6"/>
  <system-out>
    <![CDATA[hii]]>
  </system-out>
  <testcase name="inconsistantBug" time="0.002" classname="testNG.Flag6"/>
  <system-out>
    <![CDATA[hii]]>
  </system-out>
  <testcase name="inconsistantBug" time="0.001" classname="testNG.Flag6"/>
  <system-out>
    <![CDATA[hii]]>
  </system-out>
  <testcase name="inconsistantBug" time="0.001" classname="testNG.Flag6"/>
  <system-out>
    <![CDATA[hii]]>
  </system-out>
  <testcase name="inconsistantBug" time="0.001" classname="testNG.Flag6"/>
  <system-out>
    <![CDATA[hii]]>
  </system-out>
  <testcase name="inconsistantBug" time="0.000" classname="testNG.Flag6"/>
  <system-out>
    <![CDATA[hii]]>
  </system-out>
  <testcase name="inconsistantBug" time="0.004" classname="testNG.Flag6"/>
  <system-out>
    <![CDATA[hii]]>
  </system-out>
  <testcase name="inconsistantBug" time="0.004" classname="testNG.Flag6"/>
  <system-out>
    <![CDATA[hii]]>
  </system-out>
  <testcase name="inconsistantBug" time="0.001" classname="testNG.Flag6"/>
  <system-out>
    <![CDATA[hii]]>
  </system-out>
  <testcase name="inconsistantBug" time="0.002" classname="testNG.Flag6"/>
  <system-out>
    <![CDATA[hii]]>
  </system-out>
  <testcase name="inconsistantBug" time="0.000" classname="testNG.Flag6"/>
  <system-out>
    <![CDATA[hii]]>
  </system-out>
  <testcase name="inconsistantBug" time="0.002" classname="testNG.Flag6"/>
  <system-out>
    <![CDATA[hii]]>
  </system-out>
  <testcase name="inconsistantBug" time="0.002" classname="testNG.Flag6"/>
  <system-out>
    <![CDATA[hii]]>
  </system-out>
  <testcase name="inconsistantBug" time="0.001" classname="testNG.Flag6"/>
  <system-out>
    <![CDATA[hii]]>
  </system-out>
  <testcase name="inconsistantBug" time="0.001" classname="testNG.Flag6"/>
  <system-out>
    <![CDATA[hii]]>
  </system-out>
  <testcase name="inconsistantBug" time="0.000" classname="testNG.Flag6"/>
  <system-out>
    <![CDATA[hii]]>
  </system-out>
  <testcase name="inconsistantBug" time="0.002" classname="testNG.Flag6"/>
  <system-out>
    <![CDATA[hii]]>
  </system-out>
  <testcase name="inconsistantBug" time="0.003" classname="testNG.Flag6"/>
  <system-out>
    <![CDATA[hii]]>
  </system-out>
  <testcase name="inconsistantBug" time="0.001" classname="testNG.Flag6"/>
  <system-out>
    <![CDATA[hii]]>
  </system-out>
  <testcase name="inconsistantBug" time="0.000" classname="testNG.Flag6"/>
  <system-out>
    <![CDATA[hii]]>
  </system-out>
  <testcase name="inconsistantBug" time="0.001" classname="testNG.Flag6"/>
  <system-out>
    <![CDATA[hii]]>
  </system-out>
  <testcase name="inconsistantBug" time="0.000" classname="testNG.Flag6"/>
  <system-out>
    <![CDATA[hii]]>
  </system-out>
  <testcase name="inconsistantBug" time="0.000" classname="testNG.Flag6"/>
  <system-out>
    <![CDATA[hii]]>
  </system-out>
  <testcase name="inconsistantBug" time="0.001" classname="testNG.Flag6"/>
  <system-out>
    <![CDATA[hii]]>
  </system-out>
  <testcase name="inconsistantBug" time="0.002" classname="testNG.Flag6"/>
  <system-out>
    <![CDATA[hii]]>
  </system-out>
  <testcase name="inconsistantBug" time="0.001" classname="testNG.Flag6"/>
  <system-out>
    <![CDATA[hii]]>
  </system-out>
  <testcase name="inconsistantBug" time="0.000" classname="testNG.Flag6"/>
  <system-out>
    <![CDATA[hii]]>
  </system-out>
  <testcase name="inconsistantBug" time="0.001" classname="testNG.Flag6"/>
  <system-out>
    <![CDATA[hii]]>
  </system-out>
  <testcase name="inconsistantBug" time="0.000" classname="testNG.Flag6"/>
  <system-out>
    <![CDATA[hii]]>
  </system-out>
  <testcase name="inconsistantBug" time="0.000" classname="testNG.Flag6"/>
  <system-out>
    <![CDATA[hii]]>
  </system-out>
  <testcase name="inconsistantBug" time="0.000" classname="testNG.Flag6"/>
  <system-out>
    <![CDATA[hii]]>
  </system-out>
  <testcase name="inconsistantBug" time="0.001" classname="testNG.Flag6"/>
  <system-out>
    <![CDATA[hii]]>
  </system-out>
  <testcase name="inconsistantBug" time="0.001" classname="testNG.Flag6"/>
  <system-out>
    <![CDATA[hii]]>
  </system-out>
  <testcase name="inconsistantBug" time="0.000" classname="testNG.Flag6"/>
  <system-out>
    <![CDATA[hii]]>
  </system-out>
  <testcase name="inconsistantBug" time="0.000" classname="testNG.Flag6"/>
  <system-out>
    <![CDATA[hii]]>
  </system-out>
  <testcase name="inconsistantBug" time="0.003" classname="testNG.Flag6"/>
  <system-out>
    <![CDATA[hii]]>
  </system-out>
  <testcase name="inconsistantBug" time="0.003" classname="testNG.Flag6"/>
  <system-out>
    <![CDATA[hii]]>
  </system-out>
  <testcase name="inconsistantBug" time="0.001" classname="testNG.Flag6"/>
  <system-out>
    <![CDATA[hii]]>
  </system-out>
  <testcase name="inconsistantBug" time="0.001" classname="testNG.Flag6"/>
  <system-out>
    <![CDATA[hii]]>
  </system-out>
  <testcase name="inconsistantBug" time="0.001" classname="testNG.Flag6"/>
  <system-out>
    <![CDATA[hii]]>
  </system-out>
  <testcase name="inconsistantBug" time="0.001" classname="testNG.Flag6"/>
  <system-out>
    <![CDATA[hii]]>
  </system-out>
  <testcase name="inconsistantBug" time="0.001" classname="testNG.Flag6"/>
  <system-out>
    <![CDATA[hii]]>
  </system-out>
  <testcase name="inconsistantBug" time="0.000" classname="testNG.Flag6"/>
  <system-out>
    <![CDATA[hii]]>
  </system-out>
  <testcase name="inconsistantBug" time="0.003" classname="testNG.Flag6"/>
  <system-out>
    <![CDATA[hii]]>
  </system-out>
  <testcase name="inconsistantBug" time="0.000" classname="testNG.Flag6"/>
  <system-out>
    <![CDATA[hii]]>
  </system-out>
  <testcase name="inconsistantBug" time="0.003" classname="testNG.Flag6"/>
  <system-out>
    <![CDATA[hii]]>
  </system-out>
  <testcase name="inconsistantBug" time="0.001" classname="testNG.Flag6"/>
  <system-out>
    <![CDATA[hii]]>
  </system-out>
  <testcase name="inconsistantBug" time="0.000" classname="testNG.Flag6"/>
  <system-out>
    <![CDATA[hii]]>
  </system-out>
  <testcase name="inconsistantBug" time="0.000" classname="testNG.Flag6"/>
  <system-out>
    <![CDATA[hii]]>
  </system-out>
  <testcase name="inconsistantBug" time="0.001" classname="testNG.Flag6"/>
  <system-out>
    <![CDATA[hii]]>
  </system-out>
  <testcase name="inconsistantBug" time="0.002" classname="testNG.Flag6"/>
  <system-out>
    <![CDATA[hii]]>
  </system-out>
  <testcase name="inconsistantBug" time="0.002" classname="testNG.Flag6"/>
  <system-out>
    <![CDATA[hii]]>
  </system-out>
  <testcase name="inconsistantBug" time="0.000" classname="testNG.Flag6"/>
  <system-out>
    <![CDATA[hii]]>
  </system-out>
  <testcase name="inconsistantBug" time="0.001" classname="testNG.Flag6"/>
  <system-out>
    <![CDATA[hii]]>
  </system-out>
  <testcase name="inconsistantBug" time="0.001" classname="testNG.Flag6"/>
  <system-out>
    <![CDATA[hii]]>
  </system-out>
  <testcase name="inconsistantBug" time="0.001" classname="testNG.Flag6"/>
  <system-out>
    <![CDATA[hii]]>
  </system-out>
  <testcase name="inconsistantBug" time="0.002" classname="testNG.Flag6"/>
  <system-out>
    <![CDATA[hii]]>
  </system-out>
  <testcase name="inconsistantBug" time="0.000" classname="testNG.Flag6"/>
  <system-out>
    <![CDATA[hii]]>
  </system-out>
  <testcase name="inconsistantBug" time="0.000" classname="testNG.Flag6"/>
  <system-out>
    <![CDATA[hii]]>
  </system-out>
  <testcase name="inconsistantBug" time="0.000" classname="testNG.Flag6"/>
  <system-out>
    <![CDATA[hii]]>
  </system-out>
  <testcase name="inconsistantBug" time="0.001" classname="testNG.Flag6"/>
  <system-out>
    <![CDATA[hii]]>
  </system-out>
  <testcase name="inconsistantBug" time="0.000" classname="testNG.Flag6"/>
  <system-out>
    <![CDATA[hii]]>
  </system-out>
  <testcase name="inconsistantBug" time="0.001" classname="testNG.Flag6"/>
  <system-out>
    <![CDATA[hii]]>
  </system-out>
  <testcase name="inconsistantBug" time="0.001" classname="testNG.Flag6"/>
  <system-out>
    <![CDATA[hii]]>
  </system-out>
  <testcase name="inconsistantBug" time="0.000" classname="testNG.Flag6"/>
  <system-out>
    <![CDATA[hii]]>
  </system-out>
  <testcase name="inconsistantBug" time="0.001" classname="testNG.Flag6"/>
  <system-out>
    <![CDATA[hii]]>
  </system-out>
  <testcase name="inconsistantBug" time="0.000" classname="testNG.Flag6"/>
  <system-out>
    <![CDATA[hii]]>
  </system-out>
  <testcase name="inconsistantBug" time="0.001" classname="testNG.Flag6"/>
  <system-out>
    <![CDATA[hii]]>
  </system-out>
  <testcase name="inconsistantBug" time="0.001" classname="testNG.Flag6"/>
  <system-out>
    <![CDATA[hii]]>
  </system-out>
  <testcase name="inconsistantBug" time="0.001" classname="testNG.Flag6"/>
  <system-out>
    <![CDATA[hii]]>
  </system-out>
  <testcase name="inconsistantBug" time="0.005" classname="testNG.Flag6"/>
  <system-out>
    <![CDATA[hii]]>
  </system-out>
  <testcase name="inconsistantBug" time="0.002" classname="testNG.Flag6"/>
  <system-out>
    <![CDATA[hii]]>
  </system-out>
  <testcase name="inconsistantBug" time="0.001" classname="testNG.Flag6"/>
  <system-out>
    <![CDATA[hii]]>
  </system-out>
  <testcase name="inconsistantBug" time="0.002" classname="testNG.Flag6"/>
  <system-out>
    <![CDATA[hii]]>
  </system-out>
  <testcase name="inconsistantBug" time="0.001" classname="testNG.Flag6"/>
  <system-out>
    <![CDATA[hii]]>
  </system-out>
  <testcase name="inconsistantBug" time="0.000" classname="testNG.Flag6"/>
  <system-out>
    <![CDATA[hii]]>
  </system-out>
  <testcase name="inconsistantBug" time="0.000" classname="testNG.Flag6"/>
  <system-out>
    <![CDATA[hii]]>
  </system-out>
  <testcase name="inconsistantBug" time="0.001" classname="testNG.Flag6"/>
  <system-out>
    <![CDATA[hii]]>
  </system-out>
  <testcase name="inconsistantBug" time="0.000" classname="testNG.Flag6"/>
  <system-out>
    <![CDATA[hii]]>
  </system-out>
  <testcase name="inconsistantBug" time="0.003" classname="testNG.Flag6"/>
  <system-out>
    <![CDATA[hii]]>
  </system-out>
  <testcase name="inconsistantBug" time="0.001" classname="testNG.Flag6"/>
  <system-out>
    <![CDATA[hii]]>
  </system-out>
  <testcase name="inconsistantBug" time="0.002" classname="testNG.Flag6"/>
  <system-out>
    <![CDATA[hii]]>
  </system-out>
  <testcase name="inconsistantBug" time="0.002" classname="testNG.Flag6"/>
  <system-out>
    <![CDATA[hii]]>
  </system-out>
  <testcase name="inconsistantBug" time="0.000" classname="testNG.Flag6"/>
  <system-out>
    <![CDATA[hii]]>
  </system-out>
  <testcase name="inconsistantBug" time="0.000" classname="testNG.Flag6"/>
  <system-out>
    <![CDATA[hii]]>
  </system-out>
  <testcase name="inconsistantBug" time="0.002" classname="testNG.Flag6"/>
  <system-out>
    <![CDATA[hii]]>
  </system-out>
  <testcase name="inconsistantBug" time="0.002" classname="testNG.Flag6"/>
  <system-out>
    <![CDATA[hii]]>
  </system-out>
  <testcase name="inconsistantBug" time="0.002" classname="testNG.Flag6"/>
  <system-out>
    <![CDATA[hii]]>
  </system-out>
  <testcase name="inconsistantBug" time="0.003" classname="testNG.Flag6"/>
  <system-out>
    <![CDATA[hii]]>
  </system-out>
  <testcase name="inconsistantBug" time="0.001" classname="testNG.Flag6"/>
  <system-out>
    <![CDATA[hii]]>
  </system-out>
  <testcase name="inconsistantBug" time="0.004" classname="testNG.Flag6"/>
  <system-out>
    <![CDATA[hii]]>
  </system-out>
  <testcase name="inconsistantBug" time="0.004" classname="testNG.Flag6"/>
  <system-out>
    <![CDATA[hii]]>
  </system-out>
  <testcase name="inconsistantBug" time="0.002" classname="testNG.Flag6"/>
  <system-out>
    <![CDATA[hii]]>
  </system-out>
  <testcase name="inconsistantBug" time="0.001" classname="testNG.Flag6"/>
  <system-out>
    <![CDATA[hii]]>
  </system-out>
  <testcase name="inconsistantBug" time="0.001" classname="testNG.Flag6"/>
  <system-out>
    <![CDATA[hii]]>
  </system-out>
  <testcase name="inconsistantBug" time="0.000" classname="testNG.Flag6"/>
  <system-out>
    <![CDATA[hii]]>
  </system-out>
  <testcase name="inconsistantBug" time="0.001" classname="testNG.Flag6"/>
  <system-out>
    <![CDATA[hii]]>
  </system-out>
  <testcase name="inconsistantBug" time="0.001" classname="testNG.Flag6"/>
  <system-out>
    <![CDATA[hii]]>
  </system-out>
  <testcase name="inconsistantBug" time="0.002" classname="testNG.Flag6"/>
  <system-out>
    <![CDATA[hii]]>
  </system-out>
  <testcase name="inconsistantBug" time="0.001" classname="testNG.Flag6"/>
  <system-out>
    <![CDATA[hii]]>
  </system-out>
  <testcase name="inconsistantBug" time="0.000" classname="testNG.Flag6"/>
  <system-out>
    <![CDATA[hii]]>
  </system-out>
  <testcase name="inconsistantBug" time="0.000" classname="testNG.Flag6"/>
  <system-out>
    <![CDATA[hii]]>
  </system-out>
  <testcase name="inconsistantBug" time="0.001" classname="testNG.Flag6"/>
  <system-out>
    <![CDATA[hii]]>
  </system-out>
  <testcase name="inconsistantBug" time="0.001" classname="testNG.Flag6"/>
  <system-out>
    <![CDATA[hii]]>
  </system-out>
  <testcase name="inconsistantBug" time="0.002" classname="testNG.Flag6"/>
  <system-out>
    <![CDATA[hii]]>
  </system-out>
  <testcase name="inconsistantBug" time="0.000" classname="testNG.Flag6"/>
  <system-out>
    <![CDATA[hii]]>
  </system-out>
  <testcase name="inconsistantBug" time="0.001" classname="testNG.Flag6"/>
  <system-out>
    <![CDATA[hii]]>
  </system-out>
  <testcase name="inconsistantBug" time="0.001" classname="testNG.Flag6"/>
  <system-out>
    <![CDATA[hii]]>
  </system-out>
  <testcase name="inconsistantBug" time="0.002" classname="testNG.Flag6"/>
  <system-out>
    <![CDATA[hii]]>
  </system-out>
  <testcase name="inconsistantBug" time="0.004" classname="testNG.Flag6"/>
  <system-out>
    <![CDATA[hii]]>
  </system-out>
  <testcase name="inconsistantBug" time="0.002" classname="testNG.Flag6"/>
  <system-out>
    <![CDATA[hii]]>
  </system-out>
  <testcase name="inconsistantBug" time="0.001" classname="testNG.Flag6"/>
  <system-out>
    <![CDATA[hii]]>
  </system-out>
  <testcase name="inconsistantBug" time="0.003" classname="testNG.Flag6"/>
  <system-out>
    <![CDATA[hii]]>
  </system-out>
  <testcase name="inconsistantBug" time="0.000" classname="testNG.Flag6"/>
  <system-out>
    <![CDATA[hii]]>
  </system-out>
  <testcase name="inconsistantBug" time="0.002" classname="testNG.Flag6"/>
  <system-out>
    <![CDATA[hii]]>
  </system-out>
  <testcase name="inconsistantBug" time="0.001" classname="testNG.Flag6"/>
  <system-out>
    <![CDATA[hii]]>
  </system-out>
  <testcase name="inconsistantBug" time="0.001" classname="testNG.Flag6"/>
  <system-out>
    <![CDATA[hii]]>
  </system-out>
  <testcase name="inconsistantBug" time="0.000" classname="testNG.Flag6"/>
  <system-out>
    <![CDATA[hii]]>
  </system-out>
  <testcase name="inconsistantBug" time="0.000" classname="testNG.Flag6"/>
  <system-out>
    <![CDATA[hii]]>
  </system-out>
  <testcase name="inconsistantBug" time="0.000" classname="testNG.Flag6"/>
  <system-out>
    <![CDATA[hii]]>
  </system-out>
  <testcase name="inconsistantBug" time="0.002" classname="testNG.Flag6"/>
  <system-out>
    <![CDATA[hii]]>
  </system-out>
  <testcase name="inconsistantBug" time="0.000" classname="testNG.Flag6"/>
  <system-out>
    <![CDATA[hii]]>
  </system-out>
  <testcase name="inconsistantBug" time="0.000" classname="testNG.Flag6"/>
  <system-out>
    <![CDATA[hii]]>
  </system-out>
  <testcase name="inconsistantBug" time="0.000" classname="testNG.Flag6"/>
  <system-out>
    <![CDATA[hii]]>
  </system-out>
  <testcase name="inconsistantBug" time="0.000" classname="testNG.Flag6"/>
  <system-out>
    <![CDATA[hii]]>
  </system-out>
  <testcase name="inconsistantBug" time="0.001" classname="testNG.Flag6"/>
  <system-out>
    <![CDATA[hii]]>
  </system-out>
  <testcase name="inconsistantBug" time="0.001" classname="testNG.Flag6"/>
  <system-out>
    <![CDATA[hii]]>
  </system-out>
  <testcase name="inconsistantBug" time="0.001" classname="testNG.Flag6"/>
  <system-out>
    <![CDATA[hii]]>
  </system-out>
  <testcase name="inconsistantBug" time="0.000" classname="testNG.Flag6"/>
  <system-out>
    <![CDATA[hii]]>
  </system-out>
  <testcase name="inconsistantBug" time="0.001" classname="testNG.Flag6"/>
  <system-out>
    <![CDATA[hii]]>
  </system-out>
  <testcase name="inconsistantBug" time="0.001" classname="testNG.Flag6"/>
  <system-out>
    <![CDATA[hii]]>
  </system-out>
  <testcase name="inconsistantBug" time="0.001" classname="testNG.Flag6"/>
  <system-out>
    <![CDATA[hii]]>
  </system-out>
  <testcase name="inconsistantBug" time="0.001" classname="testNG.Flag6"/>
  <system-out>
    <![CDATA[hii]]>
  </system-out>
  <testcase name="inconsistantBug" time="0.001" classname="testNG.Flag6"/>
  <system-out>
    <![CDATA[hii]]>
  </system-out>
  <testcase name="inconsistantBug" time="0.000" classname="testNG.Flag6"/>
  <system-out>
    <![CDATA[hii]]>
  </system-out>
  <testcase name="inconsistantBug" time="0.001" classname="testNG.Flag6"/>
  <system-out>
    <![CDATA[hii]]>
  </system-out>
  <testcase name="inconsistantBug" time="0.001" classname="testNG.Flag6"/>
  <system-out>
    <![CDATA[hii]]>
  </system-out>
  <testcase name="inconsistantBug" time="0.001" classname="testNG.Flag6"/>
  <system-out>
    <![CDATA[hii]]>
  </system-out>
  <testcase name="inconsistantBug" time="0.003" classname="testNG.Flag6"/>
  <system-out>
    <![CDATA[hii]]>
  </system-out>
  <testcase name="inconsistantBug" time="0.003" classname="testNG.Flag6"/>
  <system-out>
    <![CDATA[hii]]>
  </system-out>
  <testcase name="inconsistantBug" time="0.001" classname="testNG.Flag6"/>
  <system-out>
    <![CDATA[hii]]>
  </system-out>
  <testcase name="inconsistantBug" time="0.001" classname="testNG.Flag6"/>
  <system-out>
    <![CDATA[hii]]>
  </system-out>
  <testcase name="inconsistantBug" time="0.001" classname="testNG.Flag6"/>
  <system-out>
    <![CDATA[hii]]>
  </system-out>
  <testcase name="inconsistantBug" time="0.000" classname="testNG.Flag6"/>
  <system-out>
    <![CDATA[hii]]>
  </system-out>
  <testcase name="inconsistantBug" time="0.000" classname="testNG.Flag6"/>
  <system-out>
    <![CDATA[hii]]>
  </system-out>
  <testcase name="inconsistantBug" time="0.001" classname="testNG.Flag6"/>
  <system-out>
    <![CDATA[hii]]>
  </system-out>
  <testcase name="inconsistantBug" time="0.001" classname="testNG.Flag6"/>
  <system-out>
    <![CDATA[hii]]>
  </system-out>
  <testcase name="inconsistantBug" time="0.001" classname="testNG.Flag6"/>
  <system-out>
    <![CDATA[hii]]>
  </system-out>
  <testcase name="inconsistantBug" time="0.001" classname="testNG.Flag6"/>
  <system-out>
    <![CDATA[hii]]>
  </system-out>
  <testcase name="inconsistantBug" time="0.002" classname="testNG.Flag6"/>
  <system-out>
    <![CDATA[hii]]>
  </system-out>
  <testcase name="inconsistantBug" time="0.000" classname="testNG.Flag6"/>
  <system-out>
    <![CDATA[hii]]>
  </system-out>
  <testcase name="inconsistantBug" time="0.000" classname="testNG.Flag6"/>
  <system-out>
    <![CDATA[hii]]>
  </system-out>
  <testcase name="inconsistantBug" time="0.002" classname="testNG.Flag6"/>
  <system-out>
    <![CDATA[hii]]>
  </system-out>
  <testcase name="inconsistantBug" time="0.001" classname="testNG.Flag6"/>
  <system-out>
    <![CDATA[hii]]>
  </system-out>
  <testcase name="inconsistantBug" time="0.001" classname="testNG.Flag6"/>
  <system-out>
    <![CDATA[hii]]>
  </system-out>
  <testcase name="inconsistantBug" time="0.000" classname="testNG.Flag6"/>
  <system-out>
    <![CDATA[hii]]>
  </system-out>
  <testcase name="inconsistantBug" time="0.000" classname="testNG.Flag6"/>
  <system-out>
    <![CDATA[hii]]>
  </system-out>
  <testcase name="inconsistantBug" time="0.001" classname="testNG.Flag6"/>
  <system-out>
    <![CDATA[hii]]>
  </system-out>
  <testcase name="inconsistantBug" time="0.000" classname="testNG.Flag6"/>
  <system-out>
    <![CDATA[hii]]>
  </system-out>
  <testcase name="inconsistantBug" time="0.001" classname="testNG.Flag6"/>
  <system-out>
    <![CDATA[hii]]>
  </system-out>
  <testcase name="inconsistantBug" time="0.001" classname="testNG.Flag6"/>
  <system-out>
    <![CDATA[hii]]>
  </system-out>
  <testcase name="inconsistantBug" time="0.000" classname="testNG.Flag6"/>
  <system-out>
    <![CDATA[hii]]>
  </system-out>
  <testcase name="inconsistantBug" time="0.001" classname="testNG.Flag6"/>
  <system-out>
    <![CDATA[hii]]>
  </system-out>
  <testcase name="inconsistantBug" time="0.000" classname="testNG.Flag6"/>
  <system-out>
    <![CDATA[hii]]>
  </system-out>
  <testcase name="inconsistantBug" time="0.000" classname="testNG.Flag6"/>
  <system-out>
    <![CDATA[hii]]>
  </system-out>
  <testcase name="inconsistantBug" time="0.000" classname="testNG.Flag6"/>
  <system-out>
    <![CDATA[hii]]>
  </system-out>
  <testcase name="inconsistantBug" time="0.001" classname="testNG.Flag6"/>
  <system-out>
    <![CDATA[hii]]>
  </system-out>
  <testcase name="inconsistantBug" time="0.000" classname="testNG.Flag6"/>
  <system-out>
    <![CDATA[hii]]>
  </system-out>
  <testcase name="inconsistantBug" time="0.003" classname="testNG.Flag6"/>
  <system-out>
    <![CDATA[hii]]>
  </system-out>
  <testcase name="inconsistantBug" time="0.002" classname="testNG.Flag6"/>
  <system-out>
    <![CDATA[hii]]>
  </system-out>
  <testcase name="inconsistantBug" time="0.002" classname="testNG.Flag6"/>
  <system-out>
    <![CDATA[hii]]>
  </system-out>
  <testcase name="inconsistantBug" time="0.001" classname="testNG.Flag6"/>
  <system-out>
    <![CDATA[hii]]>
  </system-out>
  <testcase name="inconsistantBug" time="0.000" classname="testNG.Flag6"/>
  <system-out>
    <![CDATA[hii]]>
  </system-out>
  <testcase name="inconsistantBug" time="0.001" classname="testNG.Flag6"/>
  <system-out>
    <![CDATA[hii]]>
  </system-out>
  <testcase name="inconsistantBug" time="0.003" classname="testNG.Flag6"/>
  <system-out>
    <![CDATA[hii]]>
  </system-out>
  <testcase name="inconsistantBug" time="0.000" classname="testNG.Flag6"/>
  <system-out>
    <![CDATA[hii]]>
  </system-out>
  <testcase name="inconsistantBug" time="0.001" classname="testNG.Flag6"/>
  <system-out>
    <![CDATA[hii]]>
  </system-out>
  <testcase name="inconsistantBug" time="0.001" classname="testNG.Flag6"/>
  <system-out>
    <![CDATA[hii]]>
  </system-out>
  <testcase name="inconsistantBug" time="0.002" classname="testNG.Flag6"/>
  <system-out>
    <![CDATA[hii]]>
  </system-out>
  <testcase name="inconsistantBug" time="0.000" classname="testNG.Flag6"/>
  <system-out>
    <![CDATA[hii]]>
  </system-out>
  <testcase name="inconsistantBug" time="0.002" classname="testNG.Flag6"/>
  <system-out>
    <![CDATA[hii]]>
  </system-out>
  <testcase name="inconsistantBug" time="0.001" classname="testNG.Flag6"/>
  <system-out>
    <![CDATA[hii]]>
  </system-out>
  <testcase name="inconsistantBug" time="0.000" classname="testNG.Flag6"/>
  <system-out>
    <![CDATA[hii]]>
  </system-out>
  <testcase name="inconsistantBug" time="0.000" classname="testNG.Flag6"/>
  <system-out>
    <![CDATA[hii]]>
  </system-out>
  <testcase name="inconsistantBug" time="0.003" classname="testNG.Flag6"/>
  <system-out>
    <![CDATA[hii]]>
  </system-out>
  <testcase name="inconsistantBug" time="0.001" classname="testNG.Flag6"/>
  <system-out>
    <![CDATA[hii]]>
  </system-out>
  <testcase name="inconsistantBug" time="0.001" classname="testNG.Flag6"/>
  <system-out>
    <![CDATA[hii]]>
  </system-out>
  <testcase name="inconsistantBug" time="0.001" classname="testNG.Flag6"/>
  <system-out>
    <![CDATA[hii]]>
  </system-out>
  <testcase name="inconsistantBug" time="0.001" classname="testNG.Flag6"/>
  <system-out>
    <![CDATA[hii]]>
  </system-out>
  <testcase name="inconsistantBug" time="0.001" classname="testNG.Flag6"/>
  <system-out>
    <![CDATA[hii]]>
  </system-out>
  <testcase name="inconsistantBug" time="0.001" classname="testNG.Flag6"/>
  <system-out>
    <![CDATA[hii]]>
  </system-out>
  <testcase name="inconsistantBug" time="0.000" classname="testNG.Flag6"/>
  <system-out>
    <![CDATA[hii]]>
  </system-out>
  <testcase name="inconsistantBug" time="0.000" classname="testNG.Flag6"/>
  <system-out>
    <![CDATA[hii]]>
  </system-out>
  <testcase name="inconsistantBug" time="0.002" classname="testNG.Flag6"/>
  <system-out>
    <![CDATA[hii]]>
  </system-out>
  <testcase name="inconsistantBug" time="0.001" classname="testNG.Flag6"/>
  <system-out>
    <![CDATA[hii]]>
  </system-out>
  <testcase name="inconsistantBug" time="0.000" classname="testNG.Flag6"/>
  <system-out>
    <![CDATA[hii]]>
  </system-out>
  <testcase name="inconsistantBug" time="0.001" classname="testNG.Flag6"/>
  <system-out>
    <![CDATA[hii]]>
  </system-out>
  <testcase name="inconsistantBug" time="0.001" classname="testNG.Flag6"/>
  <system-out>
    <![CDATA[hii]]>
  </system-out>
  <testcase name="inconsistantBug" time="0.002" classname="testNG.Flag6"/>
  <system-out>
    <![CDATA[hii]]>
  </system-out>
  <testcase name="inconsistantBug" time="0.003" classname="testNG.Flag6"/>
  <system-out>
    <![CDATA[hii]]>
  </system-out>
  <testcase name="inconsistantBug" time="0.001" classname="testNG.Flag6"/>
  <system-out>
    <![CDATA[hii]]>
  </system-out>
  <testcase name="inconsistantBug" time="0.001" classname="testNG.Flag6"/>
  <system-out>
    <![CDATA[hii]]>
  </system-out>
  <testcase name="inconsistantBug" time="0.001" classname="testNG.Flag6"/>
  <system-out>
    <![CDATA[hii]]>
  </system-out>
  <testcase name="inconsistantBug" time="0.000" classname="testNG.Flag6"/>
  <system-out>
    <![CDATA[hii]]>
  </system-out>
  <testcase name="inconsistantBug" time="0.001" classname="testNG.Flag6"/>
  <system-out>
    <![CDATA[hii]]>
  </system-out>
  <testcase name="inconsistantBug" time="0.000" classname="testNG.Flag6"/>
  <system-out>
    <![CDATA[hii]]>
  </system-out>
  <testcase name="inconsistantBug" time="0.000" classname="testNG.Flag6"/>
  <system-out>
    <![CDATA[hii]]>
  </system-out>
  <testcase name="inconsistantBug" time="0.000" classname="testNG.Flag6"/>
  <system-out>
    <![CDATA[hii]]>
  </system-out>
  <testcase name="inconsistantBug" time="0.001" classname="testNG.Flag6"/>
  <system-out>
    <![CDATA[hii]]>
  </system-out>
  <testcase name="inconsistantBug" time="0.001" classname="testNG.Flag6"/>
  <system-out>
    <![CDATA[hii]]>
  </system-out>
  <testcase name="inconsistantBug" time="0.001" classname="testNG.Flag6"/>
  <system-out>
    <![CDATA[hii]]>
  </system-out>
  <testcase name="inconsistantBug" time="0.001" classname="testNG.Flag6"/>
  <system-out>
    <![CDATA[hii]]>
  </system-out>
  <testcase name="inconsistantBug" time="0.001" classname="testNG.Flag6"/>
  <system-out>
    <![CDATA[hii]]>
  </system-out>
  <testcase name="inconsistantBug" time="0.000" classname="testNG.Flag6"/>
  <system-out>
    <![CDATA[hii]]>
  </system-out>
  <testcase name="inconsistantBug" time="0.003" classname="testNG.Flag6"/>
  <system-out>
    <![CDATA[hii]]>
  </system-out>
  <testcase name="inconsistantBug" time="0.001" classname="testNG.Flag6"/>
  <system-out>
    <![CDATA[hii]]>
  </system-out>
  <testcase name="inconsistantBug" time="0.001" classname="testNG.Flag6"/>
  <system-out>
    <![CDATA[hii]]>
  </system-out>
  <testcase name="inconsistantBug" time="0.001" classname="testNG.Flag6"/>
  <system-out>
    <![CDATA[hii]]>
  </system-out>
  <testcase name="inconsistantBug" time="0.003" classname="testNG.Flag6"/>
  <system-out>
    <![CDATA[hii]]>
  </system-out>
  <testcase name="inconsistantBug" time="0.002" classname="testNG.Flag6"/>
  <system-out>
    <![CDATA[hii]]>
  </system-out>
  <testcase name="inconsistantBug" time="0.001" classname="testNG.Flag6"/>
  <system-out>
    <![CDATA[hii]]>
  </system-out>
  <testcase name="inconsistantBug" time="0.002" classname="testNG.Flag6"/>
  <system-out>
    <![CDATA[hii]]>
  </system-out>
  <testcase name="inconsistantBug" time="0.001" classname="testNG.Flag6"/>
  <system-out>
    <![CDATA[hii]]>
  </system-out>
  <testcase name="inconsistantBug" time="0.001" classname="testNG.Flag6"/>
  <system-out>
    <![CDATA[hii]]>
  </system-out>
  <testcase name="inconsistantBug" time="0.000" classname="testNG.Flag6"/>
  <system-out>
    <![CDATA[hii]]>
  </system-out>
  <testcase name="inconsistantBug" time="0.000" classname="testNG.Flag6"/>
  <system-out>
    <![CDATA[hii]]>
  </system-out>
  <testcase name="inconsistantBug" time="0.000" classname="testNG.Flag6"/>
  <system-out>
    <![CDATA[hii]]>
  </system-out>
  <testcase name="inconsistantBug" time="0.000" classname="testNG.Flag6"/>
  <system-out>
    <![CDATA[hii]]>
  </system-out>
  <testcase name="inconsistantBug" time="0.001" classname="testNG.Flag6"/>
  <system-out>
    <![CDATA[hii]]>
  </system-out>
  <testcase name="inconsistantBug" time="0.000" classname="testNG.Flag6"/>
  <system-out>
    <![CDATA[hii]]>
  </system-out>
  <testcase name="inconsistantBug" time="0.001" classname="testNG.Flag6"/>
  <system-out>
    <![CDATA[hii]]>
  </system-out>
  <testcase name="inconsistantBug" time="0.002" classname="testNG.Flag6"/>
  <system-out>
    <![CDATA[hii]]>
  </system-out>
  <testcase name="inconsistantBug" time="0.003" classname="testNG.Flag6"/>
  <system-out>
    <![CDATA[hii]]>
  </system-out>
  <testcase name="inconsistantBug" time="0.000" classname="testNG.Flag6"/>
  <system-out>
    <![CDATA[hii]]>
  </system-out>
  <testcase name="inconsistantBug" time="0.002" classname="testNG.Flag6"/>
  <system-out>
    <![CDATA[hii]]>
  </system-out>
  <testcase name="inconsistantBug" time="0.001" classname="testNG.Flag6"/>
  <system-out>
    <![CDATA[hii]]>
  </system-out>
  <testcase name="inconsistantBug" time="0.001" classname="testNG.Flag6"/>
  <system-out>
    <![CDATA[hii]]>
  </system-out>
  <testcase name="inconsistantBug" time="0.000" classname="testNG.Flag6"/>
  <system-out>
    <![CDATA[hii]]>
  </system-out>
  <testcase name="inconsistantBug" time="0.000" classname="testNG.Flag6"/>
  <system-out>
    <![CDATA[hii]]>
  </system-out>
  <testcase name="inconsistantBug" time="0.001" classname="testNG.Flag6"/>
  <system-out>
    <![CDATA[hii]]>
  </system-out>
  <testcase name="inconsistantBug" time="0.001" classname="testNG.Flag6"/>
  <system-out>
    <![CDATA[hii]]>
  </system-out>
  <testcase name="inconsistantBug" time="0.001" classname="testNG.Flag6"/>
  <system-out>
    <![CDATA[hii]]>
  </system-out>
  <testcase name="inconsistantBug" time="0.001" classname="testNG.Flag6"/>
  <system-out>
    <![CDATA[hii]]>
  </system-out>
  <testcase name="inconsistantBug" time="0.001" classname="testNG.Flag6"/>
  <system-out>
    <![CDATA[hii]]>
  </system-out>
  <testcase name="inconsistantBug" time="0.001" classname="testNG.Flag6"/>
  <system-out>
    <![CDATA[hii]]>
  </system-out>
  <testcase name="inconsistantBug" time="0.001" classname="testNG.Flag6"/>
  <system-out>
    <![CDATA[hii]]>
  </system-out>
  <testcase name="inconsistantBug" time="0.001" classname="testNG.Flag6"/>
  <system-out>
    <![CDATA[hii]]>
  </system-out>
  <testcase name="inconsistantBug" time="0.001" classname="testNG.Flag6"/>
  <system-out>
    <![CDATA[hii]]>
  </system-out>
  <testcase name="inconsistantBug" time="0.001" classname="testNG.Flag6"/>
  <system-out>
    <![CDATA[hii]]>
  </system-out>
  <testcase name="inconsistantBug" time="0.000" classname="testNG.Flag6"/>
  <system-out>
    <![CDATA[hii]]>
  </system-out>
  <testcase name="inconsistantBug" time="0.000" classname="testNG.Flag6"/>
  <system-out>
    <![CDATA[hii]]>
  </system-out>
  <testcase name="inconsistantBug" time="0.000" classname="testNG.Flag6"/>
  <system-out>
    <![CDATA[hii]]>
  </system-out>
  <testcase name="inconsistantBug" time="0.000" classname="testNG.Flag6"/>
  <system-out>
    <![CDATA[hii]]>
  </system-out>
  <testcase name="inconsistantBug" time="0.000" classname="testNG.Flag6"/>
  <system-out>
    <![CDATA[hii]]>
  </system-out>
  <testcase name="inconsistantBug" time="0.001" classname="testNG.Flag6"/>
  <system-out>
    <![CDATA[hii]]>
  </system-out>
  <testcase name="inconsistantBug" time="0.001" classname="testNG.Flag6"/>
  <system-out>
    <![CDATA[hii]]>
  </system-out>
  <testcase name="inconsistantBug" time="0.004" classname="testNG.Flag6"/>
  <system-out>
    <![CDATA[hii]]>
  </system-out>
  <testcase name="inconsistantBug" time="0.002" classname="testNG.Flag6"/>
  <system-out>
    <![CDATA[hii]]>
  </system-out>
  <testcase name="inconsistantBug" time="0.001" classname="testNG.Flag6"/>
  <system-out>
    <![CDATA[hii]]>
  </system-out>
  <testcase name="inconsistantBug" time="0.001" classname="testNG.Flag6"/>
  <system-out>
    <![CDATA[hii]]>
  </system-out>
  <testcase name="inconsistantBug" time="0.002" classname="testNG.Flag6"/>
  <system-out>
    <![CDATA[hii]]>
  </system-out>
  <testcase name="inconsistantBug" time="0.003" classname="testNG.Flag6"/>
  <system-out>
    <![CDATA[hii]]>
  </system-out>
  <testcase name="inconsistantBug" time="0.001" classname="testNG.Flag6"/>
  <system-out>
    <![CDATA[hii]]>
  </system-out>
  <testcase name="inconsistantBug" time="0.002" classname="testNG.Flag6"/>
  <system-out>
    <![CDATA[hii]]>
  </system-out>
  <testcase name="inconsistantBug" time="0.000" classname="testNG.Flag6"/>
  <system-out>
    <![CDATA[hii]]>
  </system-out>
  <testcase name="inconsistantBug" time="0.000" classname="testNG.Flag6"/>
  <system-out>
    <![CDATA[hii]]>
  </system-out>
  <testcase name="inconsistantBug" time="0.001" classname="testNG.Flag6"/>
  <system-out>
    <![CDATA[hii]]>
  </system-out>
  <testcase name="inconsistantBug" time="0.000" classname="testNG.Flag6"/>
  <system-out>
    <![CDATA[hii]]>
  </system-out>
  <testcase name="inconsistantBug" time="0.000" classname="testNG.Flag6"/>
  <system-out>
    <![CDATA[hii]]>
  </system-out>
  <testcase name="inconsistantBug" time="0.002" classname="testNG.Flag6"/>
  <system-out>
    <![CDATA[hii]]>
  </system-out>
  <testcase name="inconsistantBug" time="0.000" classname="testNG.Flag6"/>
  <system-out>
    <![CDATA[hii]]>
  </system-out>
  <testcase name="inconsistantBug" time="0.001" classname="testNG.Flag6"/>
  <system-out>
    <![CDATA[hii]]>
  </system-out>
  <testcase name="inconsistantBug" time="0.001" classname="testNG.Flag6"/>
  <system-out>
    <![CDATA[hii]]>
  </system-out>
  <testcase name="inconsistantBug" time="0.001" classname="testNG.Flag6"/>
  <system-out>
    <![CDATA[hii]]>
  </system-out>
  <testcase name="inconsistantBug" time="0.003" classname="testNG.Flag6"/>
  <system-out>
    <![CDATA[hii]]>
  </system-out>
  <testcase name="inconsistantBug" time="0.002" classname="testNG.Flag6"/>
  <system-out>
    <![CDATA[hii]]>
  </system-out>
  <testcase name="inconsistantBug" time="0.000" classname="testNG.Flag6"/>
  <system-out>
    <![CDATA[hii]]>
  </system-out>
  <testcase name="inconsistantBug" time="0.001" classname="testNG.Flag6"/>
  <system-out>
    <![CDATA[hii]]>
  </system-out>
  <testcase name="inconsistantBug" time="0.001" classname="testNG.Flag6"/>
  <system-out>
    <![CDATA[hii]]>
  </system-out>
  <testcase name="inconsistantBug" time="0.001" classname="testNG.Flag6"/>
  <system-out>
    <![CDATA[hii]]>
  </system-out>
  <testcase name="inconsistantBug" time="0.001" classname="testNG.Flag6"/>
  <system-out>
    <![CDATA[hii]]>
  </system-out>
  <testcase name="inconsistantBug" time="0.000" classname="testNG.Flag6"/>
  <system-out>
    <![CDATA[hii]]>
  </system-out>
  <testcase name="inconsistantBug" time="0.001" classname="testNG.Flag6"/>
  <system-out>
    <![CDATA[hii]]>
  </system-out>
  <testcase name="inconsistantBug" time="0.001" classname="testNG.Flag6"/>
  <system-out>
    <![CDATA[hii]]>
  </system-out>
  <testcase name="inconsistantBug" time="0.001" classname="testNG.Flag6"/>
  <system-out>
    <![CDATA[hii]]>
  </system-out>
  <testcase name="inconsistantBug" time="0.002" classname="testNG.Flag6"/>
  <system-out>
    <![CDATA[hii]]>
  </system-out>
  <testcase name="inconsistantBug" time="0.000" classname="testNG.Flag6"/>
  <system-out>
    <![CDATA[hii]]>
  </system-out>
  <testcase name="inconsistantBug" time="0.001" classname="testNG.Flag6"/>
  <system-out>
    <![CDATA[hii]]>
  </system-out>
  <testcase name="inconsistantBug" time="0.002" classname="testNG.Flag6"/>
  <system-out>
    <![CDATA[hii]]>
  </system-out>
  <testcase name="inconsistantBug" time="0.001" classname="testNG.Flag6"/>
  <system-out>
    <![CDATA[hii]]>
  </system-out>
  <testcase name="inconsistantBug" time="0.000" classname="testNG.Flag6"/>
  <system-out>
    <![CDATA[hii]]>
  </system-out>
  <testcase name="inconsistantBug" time="0.001" classname="testNG.Flag6"/>
  <system-out>
    <![CDATA[hii]]>
  </system-out>
  <testcase name="inconsistantBug" time="0.001" classname="testNG.Flag6"/>
  <system-out>
    <![CDATA[hii]]>
  </system-out>
  <testcase name="inconsistantBug" time="0.001" classname="testNG.Flag6"/>
  <system-out>
    <![CDATA[hii]]>
  </system-out>
  <testcase name="inconsistantBug" time="0.002" classname="testNG.Flag6"/>
  <system-out>
    <![CDATA[hii]]>
  </system-out>
  <testcase name="inconsistantBug" time="0.000" classname="testNG.Flag6"/>
  <system-out>
    <![CDATA[hii]]>
  </system-out>
  <testcase name="inconsistantBug" time="0.001" classname="testNG.Flag6"/>
  <system-out>
    <![CDATA[hii]]>
  </system-out>
  <testcase name="inconsistantBug" time="0.001" classname="testNG.Flag6"/>
  <system-out>
    <![CDATA[hii]]>
  </system-out>
  <testcase name="inconsistantBug" time="0.002" classname="testNG.Flag6"/>
  <system-out>
    <![CDATA[hii]]>
  </system-out>
  <testcase name="inconsistantBug" time="0.000" classname="testNG.Flag6"/>
  <system-out>
    <![CDATA[hii]]>
  </system-out>
  <testcase name="inconsistantBug" time="0.000" classname="testNG.Flag6"/>
  <system-out>
    <![CDATA[hii]]>
  </system-out>
  <testcase name="inconsistantBug" time="0.001" classname="testNG.Flag6"/>
  <system-out>
    <![CDATA[hii]]>
  </system-out>
  <testcase name="inconsistantBug" time="0.000" classname="testNG.Flag6"/>
  <system-out>
    <![CDATA[hii]]>
  </system-out>
  <testcase name="inconsistantBug" time="0.001" classname="testNG.Flag6"/>
  <system-out>
    <![CDATA[hii]]>
  </system-out>
  <testcase name="inconsistantBug" time="0.001" classname="testNG.Flag6"/>
  <system-out>
    <![CDATA[hii]]>
  </system-out>
  <testcase name="inconsistantBug" time="0.002" classname="testNG.Flag6"/>
  <system-out>
    <![CDATA[hii]]>
  </system-out>
  <testcase name="inconsistantBug" time="0.001" classname="testNG.Flag6"/>
  <system-out>
    <![CDATA[hii]]>
  </system-out>
  <testcase name="inconsistantBug" time="0.001" classname="testNG.Flag6"/>
  <system-out>
    <![CDATA[hii]]>
  </system-out>
  <testcase name="inconsistantBug" time="0.000" classname="testNG.Flag6"/>
  <system-out>
    <![CDATA[hii]]>
  </system-out>
  <testcase name="inconsistantBug" time="0.002" classname="testNG.Flag6"/>
  <system-out>
    <![CDATA[hii]]>
  </system-out>
  <testcase name="inconsistantBug" time="0.001" classname="testNG.Flag6"/>
  <system-out>
    <![CDATA[hii]]>
  </system-out>
  <testcase name="inconsistantBug" time="0.001" classname="testNG.Flag6"/>
  <system-out>
    <![CDATA[hii]]>
  </system-out>
  <testcase name="inconsistantBug" time="0.000" classname="testNG.Flag6"/>
  <system-out>
    <![CDATA[hii]]>
  </system-out>
  <testcase name="inconsistantBug" time="0.000" classname="testNG.Flag6"/>
  <system-out>
    <![CDATA[hii]]>
  </system-out>
  <testcase name="inconsistantBug" time="0.000" classname="testNG.Flag6"/>
  <system-out>
    <![CDATA[hii]]>
  </system-out>
  <testcase name="inconsistantBug" time="0.001" classname="testNG.Flag6"/>
  <system-out>
    <![CDATA[hii]]>
  </system-out>
  <testcase name="inconsistantBug" time="0.002" classname="testNG.Flag6"/>
  <system-out>
    <![CDATA[hii]]>
  </system-out>
  <testcase name="inconsistantBug" time="0.004" classname="testNG.Flag6"/>
  <system-out>
    <![CDATA[hii]]>
  </system-out>
  <testcase name="inconsistantBug" time="0.002" classname="testNG.Flag6"/>
  <system-out>
    <![CDATA[hii]]>
  </system-out>
  <testcase name="inconsistantBug" time="0.001" classname="testNG.Flag6"/>
  <system-out>
    <![CDATA[hii]]>
  </system-out>
  <testcase name="inconsistantBug" time="0.000" classname="testNG.Flag6"/>
  <system-out>
    <![CDATA[hii]]>
  </system-out>
  <testcase name="inconsistantBug" time="0.001" classname="testNG.Flag6"/>
  <system-out>
    <![CDATA[hii]]>
  </system-out>
  <testcase name="inconsistantBug" time="0.002" classname="testNG.Flag6"/>
  <system-out>
    <![CDATA[hii]]>
  </system-out>
  <testcase name="inconsistantBug" time="0.001" classname="testNG.Flag6"/>
  <system-out>
    <![CDATA[hii]]>
  </system-out>
  <testcase name="inconsistantBug" time="0.000" classname="testNG.Flag6"/>
  <system-out>
    <![CDATA[hii]]>
  </system-out>
  <testcase name="inconsistantBug" time="0.002" classname="testNG.Flag6"/>
  <system-out>
    <![CDATA[hii]]>
  </system-out>
  <testcase name="inconsistantBug" time="0.001" classname="testNG.Flag6"/>
  <system-out>
    <![CDATA[hii]]>
  </system-out>
  <testcase name="inconsistantBug" time="0.000" classname="testNG.Flag6"/>
  <system-out>
    <![CDATA[hii]]>
  </system-out>
  <testcase name="inconsistantBug" time="0.001" classname="testNG.Flag6"/>
  <system-out>
    <![CDATA[hii]]>
  </system-out>
  <testcase name="inconsistantBug" time="0.000" classname="testNG.Flag6"/>
  <system-out>
    <![CDATA[hii]]>
  </system-out>
  <testcase name="inconsistantBug" time="0.000" classname="testNG.Flag6"/>
  <system-out>
    <![CDATA[hii]]>
  </system-out>
  <testcase name="inconsistantBug" time="0.000" classname="testNG.Flag6"/>
  <system-out>
    <![CDATA[hii]]>
  </system-out>
  <testcase name="inconsistantBug" time="0.000" classname="testNG.Flag6"/>
  <system-out>
    <![CDATA[hii]]>
  </system-out>
  <testcase name="inconsistantBug" time="0.001" classname="testNG.Flag6"/>
  <system-out>
    <![CDATA[hii]]>
  </system-out>
  <testcase name="inconsistantBug" time="0.001" classname="testNG.Flag6"/>
  <system-out>
    <![CDATA[hii]]>
  </system-out>
  <testcase name="inconsistantBug" time="0.003" classname="testNG.Flag6"/>
  <system-out>
    <![CDATA[hii]]>
  </system-out>
  <testcase name="inconsistantBug" time="0.001" classname="testNG.Flag6"/>
  <system-out>
    <![CDATA[hii]]>
  </system-out>
  <testcase name="inconsistantBug" time="0.001" classname="testNG.Flag6"/>
  <system-out>
    <![CDATA[hii]]>
  </system-out>
  <testcase name="inconsistantBug" time="0.001" classname="testNG.Flag6"/>
  <system-out>
    <![CDATA[hii]]>
  </system-out>
  <testcase name="inconsistantBug" time="0.001" classname="testNG.Flag6"/>
  <system-out>
    <![CDATA[hii]]>
  </system-out>
  <testcase name="inconsistantBug" time="0.001" classname="testNG.Flag6"/>
  <system-out>
    <![CDATA[hii]]>
  </system-out>
  <testcase name="inconsistantBug" time="0.002" classname="testNG.Flag6"/>
  <system-out>
    <![CDATA[hii]]>
  </system-out>
  <testcase name="inconsistantBug" time="0.001" classname="testNG.Flag6"/>
  <system-out>
    <![CDATA[hii]]>
  </system-out>
  <testcase name="inconsistantBug" time="0.003" classname="testNG.Flag6"/>
  <system-out>
    <![CDATA[hii]]>
  </system-out>
  <testcase name="inconsistantBug" time="0.001" classname="testNG.Flag6"/>
  <system-out>
    <![CDATA[hii]]>
  </system-out>
  <testcase name="inconsistantBug" time="0.000" classname="testNG.Flag6"/>
  <system-out>
    <![CDATA[hii]]>
  </system-out>
  <testcase name="inconsistantBug" time="0.000" classname="testNG.Flag6"/>
  <system-out>
    <![CDATA[hii]]>
  </system-out>
  <testcase name="inconsistantBug" time="0.001" classname="testNG.Flag6"/>
  <system-out>
    <![CDATA[hii]]>
  </system-out>
  <testcase name="inconsistantBug" time="0.001" classname="testNG.Flag6"/>
  <system-out>
    <![CDATA[hii]]>
  </system-out>
  <testcase name="inconsistantBug" time="0.001" classname="testNG.Flag6"/>
  <system-out>
    <![CDATA[hii]]>
  </system-out>
  <testcase name="inconsistantBug" time="0.001" classname="testNG.Flag6"/>
  <system-out>
    <![CDATA[hii]]>
  </system-out>
  <testcase name="inconsistantBug" time="0.001" classname="testNG.Flag6"/>
  <system-out>
    <![CDATA[hii]]>
  </system-out>
  <testcase name="inconsistantBug" time="0.000" classname="testNG.Flag6"/>
  <system-out>
    <![CDATA[hii]]>
  </system-out>
  <testcase name="inconsistantBug" time="0.000" classname="testNG.Flag6"/>
  <system-out>
    <![CDATA[hii]]>
  </system-out>
  <testcase name="inconsistantBug" time="0.001" classname="testNG.Flag6"/>
  <system-out>
    <![CDATA[hii]]>
  </system-out>
  <testcase name="inconsistantBug" time="0.000" classname="testNG.Flag6"/>
  <system-out>
    <![CDATA[hii]]>
  </system-out>
  <testcase name="inconsistantBug" time="0.002" classname="testNG.Flag6"/>
  <system-out>
    <![CDATA[hii]]>
  </system-out>
  <testcase name="inconsistantBug" time="0.001" classname="testNG.Flag6"/>
  <system-out>
    <![CDATA[hii]]>
  </system-out>
  <testcase name="inconsistantBug" time="0.000" classname="testNG.Flag6"/>
  <system-out>
    <![CDATA[hii]]>
  </system-out>
  <testcase name="inconsistantBug" time="0.001" classname="testNG.Flag6"/>
  <system-out>
    <![CDATA[hii]]>
  </system-out>
  <testcase name="inconsistantBug" time="0.001" classname="testNG.Flag6"/>
  <system-out>
    <![CDATA[hii]]>
  </system-out>
  <testcase name="inconsistantBug" time="0.001" classname="testNG.Flag6"/>
  <system-out>
    <![CDATA[hii]]>
  </system-out>
  <testcase name="inconsistantBug" time="0.002" classname="testNG.Flag6"/>
  <system-out>
    <![CDATA[hii]]>
  </system-out>
  <testcase name="inconsistantBug" time="0.000" classname="testNG.Flag6"/>
  <system-out>
    <![CDATA[hii]]>
  </system-out>
  <testcase name="inconsistantBug" time="0.000" classname="testNG.Flag6"/>
  <system-out>
    <![CDATA[hii]]>
  </system-out>
  <testcase name="inconsistantBug" time="0.001" classname="testNG.Flag6"/>
  <system-out>
    <![CDATA[hii]]>
  </system-out>
  <testcase name="inconsistantBug" time="0.001" classname="testNG.Flag6"/>
  <system-out>
    <![CDATA[hii]]>
  </system-out>
  <testcase name="inconsistantBug" time="0.000" classname="testNG.Flag6"/>
  <system-out>
    <![CDATA[hii]]>
  </system-out>
  <testcase name="inconsistantBug" time="0.000" classname="testNG.Flag6"/>
  <system-out>
    <![CDATA[hii]]>
  </system-out>
  <testcase name="inconsistantBug" time="0.001" classname="testNG.Flag6"/>
  <system-out>
    <![CDATA[hii]]>
  </system-out>
  <testcase name="inconsistantBug" time="0.000" classname="testNG.Flag6"/>
  <system-out>
    <![CDATA[hii]]>
  </system-out>
  <testcase name="inconsistantBug" time="0.001" classname="testNG.Flag6"/>
  <system-out>
    <![CDATA[hii]]>
  </system-out>
  <testcase name="inconsistantBug" time="0.000" classname="testNG.Flag6"/>
  <system-out>
    <![CDATA[hii]]>
  </system-out>
  <testcase name="inconsistantBug" time="0.000" classname="testNG.Flag6"/>
  <system-out>
    <![CDATA[hii]]>
  </system-out>
  <testcase name="inconsistantBug" time="0.000" classname="testNG.Flag6"/>
  <system-out>
    <![CDATA[hii]]>
  </system-out>
  <testcase name="inconsistantBug" time="0.001" classname="testNG.Flag6"/>
  <system-out>
    <![CDATA[hii]]>
  </system-out>
  <testcase name="inconsistantBug" time="0.001" classname="testNG.Flag6"/>
  <system-out>
    <![CDATA[hii]]>
  </system-out>
  <testcase name="inconsistantBug" time="0.000" classname="testNG.Flag6"/>
  <system-out>
    <![CDATA[hii]]>
  </system-out>
  <testcase name="inconsistantBug" time="0.001" classname="testNG.Flag6"/>
  <system-out>
    <![CDATA[hii]]>
  </system-out>
  <testcase name="inconsistantBug" time="0.001" classname="testNG.Flag6"/>
  <system-out>
    <![CDATA[hii]]>
  </system-out>
  <testcase name="inconsistantBug" time="0.001" classname="testNG.Flag6"/>
  <system-out>
    <![CDATA[hii]]>
  </system-out>
  <testcase name="inconsistantBug" time="0.001" classname="testNG.Flag6"/>
  <system-out>
    <![CDATA[hii]]>
  </system-out>
  <testcase name="inconsistantBug" time="0.000" classname="testNG.Flag6"/>
  <system-out>
    <![CDATA[hii]]>
  </system-out>
  <testcase name="inconsistantBug" time="0.002" classname="testNG.Flag6"/>
  <system-out>
    <![CDATA[hii]]>
  </system-out>
  <testcase name="inconsistantBug" time="0.001" classname="testNG.Flag6"/>
  <system-out>
    <![CDATA[hii]]>
  </system-out>
  <testcase name="inconsistantBug" time="0.004" classname="testNG.Flag6"/>
  <system-out>
    <![CDATA[hii]]>
  </system-out>
  <testcase name="inconsistantBug" time="0.002" classname="testNG.Flag6"/>
  <system-out>
    <![CDATA[hii]]>
  </system-out>
  <testcase name="inconsistantBug" time="0.000" classname="testNG.Flag6"/>
  <system-out>
    <![CDATA[hii]]>
  </system-out>
  <testcase name="inconsistantBug" time="0.001" classname="testNG.Flag6"/>
  <system-out>
    <![CDATA[hii]]>
  </system-out>
  <testcase name="inconsistantBug" time="0.003" classname="testNG.Flag6"/>
  <system-out>
    <![CDATA[hii]]>
  </system-out>
  <testcase name="inconsistantBug" time="0.001" classname="testNG.Flag6"/>
  <system-out>
    <![CDATA[hii]]>
  </system-out>
  <testcase name="inconsistantBug" time="0.000" classname="testNG.Flag6"/>
  <system-out>
    <![CDATA[hii]]>
  </system-out>
  <testcase name="inconsistantBug" time="0.003" classname="testNG.Flag6"/>
  <system-out>
    <![CDATA[hii]]>
  </system-out>
  <testcase name="inconsistantBug" time="0.001" classname="testNG.Flag6"/>
  <system-out>
    <![CDATA[hii]]>
  </system-out>
  <testcase name="inconsistantBug" time="0.000" classname="testNG.Flag6"/>
  <system-out>
    <![CDATA[hii]]>
  </system-out>
  <testcase name="inconsistantBug" time="0.001" classname="testNG.Flag6"/>
  <system-out>
    <![CDATA[hii]]>
  </system-out>
  <testcase name="inconsistantBug" time="0.001" classname="testNG.Flag6"/>
  <system-out>
    <![CDATA[hii]]>
  </system-out>
  <testcase name="inconsistantBug" time="0.000" classname="testNG.Flag6"/>
  <system-out>
    <![CDATA[hii]]>
  </system-out>
  <testcase name="inconsistantBug" time="0.001" classname="testNG.Flag6"/>
  <system-out>
    <![CDATA[hii]]>
  </system-out>
  <testcase name="inconsistantBug" time="0.000" classname="testNG.Flag6"/>
  <system-out>
    <![CDATA[hii]]>
  </system-out>
  <testcase name="inconsistantBug" time="0.001" classname="testNG.Flag6"/>
  <system-out>
    <![CDATA[hii]]>
  </system-out>
  <testcase name="inconsistantBug" time="0.000" classname="testNG.Flag6"/>
  <system-out>
    <![CDATA[hii]]>
  </system-out>
  <testcase name="inconsistantBug" time="0.001" classname="testNG.Flag6"/>
  <system-out>
    <![CDATA[hii]]>
  </system-out>
  <testcase name="inconsistantBug" time="0.001" classname="testNG.Flag6"/>
  <system-out>
    <![CDATA[hii]]>
  </system-out>
  <testcase name="inconsistantBug" time="0.000" classname="testNG.Flag6"/>
  <system-out>
    <![CDATA[hii]]>
  </system-out>
  <testcase name="inconsistantBug" time="0.000" classname="testNG.Flag6"/>
  <system-out>
    <![CDATA[hii]]>
  </system-out>
  <testcase name="inconsistantBug" time="0.000" classname="testNG.Flag6"/>
  <system-out>
    <![CDATA[hii]]>
  </system-out>
  <testcase name="inconsistantBug" time="0.003" classname="testNG.Flag6"/>
  <system-out>
    <![CDATA[hii]]>
  </system-out>
  <testcase name="inconsistantBug" time="0.001" classname="testNG.Flag6"/>
  <system-out>
    <![CDATA[hii]]>
  </system-out>
  <testcase name="inconsistantBug" time="0.000" classname="testNG.Flag6"/>
  <system-out>
    <![CDATA[hii]]>
  </system-out>
  <testcase name="inconsistantBug" time="0.003" classname="testNG.Flag6"/>
  <system-out>
    <![CDATA[hii]]>
  </system-out>
  <testcase name="inconsistantBug" time="0.002" classname="testNG.Flag6"/>
  <system-out>
    <![CDATA[hii]]>
  </system-out>
  <testcase name="inconsistantBug" time="0.001" classname="testNG.Flag6"/>
  <system-out>
    <![CDATA[hii]]>
  </system-out>
  <testcase name="inconsistantBug" time="0.003" classname="testNG.Flag6"/>
  <system-out>
    <![CDATA[hii]]>
  </system-out>
  <testcase name="inconsistantBug" time="0.002" classname="testNG.Flag6"/>
  <system-out>
    <![CDATA[hii]]>
  </system-out>
  <testcase name="inconsistantBug" time="0.000" classname="testNG.Flag6"/>
  <system-out>
    <![CDATA[hii]]>
  </system-out>
  <testcase name="inconsistantBug" time="0.001" classname="testNG.Flag6"/>
  <system-out>
    <![CDATA[hii]]>
  </system-out>
  <testcase name="inconsistantBug" time="0.001" classname="testNG.Flag6"/>
  <system-out>
    <![CDATA[hii]]>
  </system-out>
  <testcase name="inconsistantBug" time="0.001" classname="testNG.Flag6"/>
  <system-out>
    <![CDATA[hii]]>
  </system-out>
  <testcase name="inconsistantBug" time="0.001" classname="testNG.Flag6"/>
  <system-out>
    <![CDATA[hii]]>
  </system-out>
  <testcase name="inconsistantBug" time="0.001" classname="testNG.Flag6"/>
  <system-out>
    <![CDATA[hii]]>
  </system-out>
  <testcase name="inconsistantBug" time="0.000" classname="testNG.Flag6"/>
  <system-out>
    <![CDATA[hii]]>
  </system-out>
  <testcase name="inconsistantBug" time="0.000" classname="testNG.Flag6"/>
  <system-out>
    <![CDATA[hii]]>
  </system-out>
  <testcase name="inconsistantBug" time="0.001" classname="testNG.Flag6"/>
  <system-out>
    <![CDATA[hii]]>
  </system-out>
  <testcase name="inconsistantBug" time="0.001" classname="testNG.Flag6"/>
  <system-out>
    <![CDATA[hii]]>
  </system-out>
  <testcase name="inconsistantBug" time="0.000" classname="testNG.Flag6"/>
  <system-out>
    <![CDATA[hii]]>
  </system-out>
  <testcase name="inconsistantBug" time="0.000" classname="testNG.Flag6"/>
  <system-out>
    <![CDATA[hii]]>
  </system-out>
  <testcase name="inconsistantBug" time="0.000" classname="testNG.Flag6"/>
  <system-out>
    <![CDATA[hii]]>
  </system-out>
  <testcase name="inconsistantBug" time="0.001" classname="testNG.Flag6"/>
  <system-out>
    <![CDATA[hii]]>
  </system-out>
  <testcase name="inconsistantBug" time="0.001" classname="testNG.Flag6"/>
  <system-out>
    <![CDATA[hii]]>
  </system-out>
  <testcase name="inconsistantBug" time="0.001" classname="testNG.Flag6"/>
  <system-out>
    <![CDATA[hii]]>
  </system-out>
  <testcase name="inconsistantBug" time="0.000" classname="testNG.Flag6"/>
  <system-out>
    <![CDATA[hii]]>
  </system-out>
  <testcase name="inconsistantBug" time="0.001" classname="testNG.Flag6"/>
  <system-out>
    <![CDATA[hii]]>
  </system-out>
  <testcase name="inconsistantBug" time="0.000" classname="testNG.Flag6"/>
  <system-out>
    <![CDATA[hii]]>
  </system-out>
  <testcase name="inconsistantBug" time="0.000" classname="testNG.Flag6"/>
  <system-out>
    <![CDATA[hii]]>
  </system-out>
  <testcase name="inconsistantBug" time="0.002" classname="testNG.Flag6"/>
  <system-out>
    <![CDATA[hii]]>
  </system-out>
  <testcase name="inconsistantBug" time="0.003" classname="testNG.Flag6"/>
  <system-out>
    <![CDATA[hii]]>
  </system-out>
  <testcase name="inconsistantBug" time="0.002" classname="testNG.Flag6"/>
  <system-out>
    <![CDATA[hii]]>
  </system-out>
  <testcase name="inconsistantBug" time="0.001" classname="testNG.Flag6"/>
  <system-out>
    <![CDATA[hii]]>
  </system-out>
  <testcase name="inconsistantBug" time="0.001" classname="testNG.Flag6"/>
  <system-out>
    <![CDATA[hii]]>
  </system-out>
  <testcase name="inconsistantBug" time="0.002" classname="testNG.Flag6"/>
  <system-out>
    <![CDATA[hii]]>
  </system-out>
  <testcase name="inconsistantBug" time="0.000" classname="testNG.Flag6"/>
  <system-out>
    <![CDATA[hii]]>
  </system-out>
  <testcase name="inconsistantBug" time="0.000" classname="testNG.Flag6"/>
  <system-out>
    <![CDATA[hii]]>
  </system-out>
  <testcase name="inconsistantBug" time="0.002" classname="testNG.Flag6"/>
  <system-out>
    <![CDATA[hii]]>
  </system-out>
  <testcase name="inconsistantBug" time="0.005" classname="testNG.Flag6"/>
  <system-out>
    <![CDATA[hii]]>
  </system-out>
  <testcase name="inconsistantBug" time="0.000" classname="testNG.Flag6"/>
  <system-out>
    <![CDATA[hii]]>
  </system-out>
  <testcase name="inconsistantBug" time="0.000" classname="testNG.Flag6"/>
  <system-out>
    <![CDATA[hii]]>
  </system-out>
  <testcase name="inconsistantBug" time="0.001" classname="testNG.Flag6"/>
  <system-out>
    <![CDATA[hii]]>
  </system-out>
  <testcase name="inconsistantBug" time="0.001" classname="testNG.Flag6"/>
  <system-out>
    <![CDATA[hii]]>
  </system-out>
  <testcase name="inconsistantBug" time="0.001" classname="testNG.Flag6"/>
  <system-out>
    <![CDATA[hii]]>
  </system-out>
  <testcase name="inconsistantBug" time="0.002" classname="testNG.Flag6"/>
  <system-out>
    <![CDATA[hii]]>
  </system-out>
  <testcase name="inconsistantBug" time="0.001" classname="testNG.Flag6"/>
  <system-out>
    <![CDATA[hii]]>
  </system-out>
  <testcase name="inconsistantBug" time="0.001" classname="testNG.Flag6"/>
  <system-out>
    <![CDATA[hii]]>
  </system-out>
  <testcase name="inconsistantBug" time="0.001" classname="testNG.Flag6"/>
  <system-out>
    <![CDATA[hii]]>
  </system-out>
  <testcase name="inconsistantBug" time="0.002" classname="testNG.Flag6"/>
  <system-out>
    <![CDATA[hii]]>
  </system-out>
  <testcase name="inconsistantBug" time="0.001" classname="testNG.Flag6"/>
  <system-out>
    <![CDATA[hii]]>
  </system-out>
  <testcase name="inconsistantBug" time="0.000" classname="testNG.Flag6"/>
  <system-out>
    <![CDATA[hii]]>
  </system-out>
  <testcase name="inconsistantBug" time="0.002" classname="testNG.Flag6"/>
  <system-out>
    <![CDATA[hii]]>
  </system-out>
  <testcase name="inconsistantBug" time="0.001" classname="testNG.Flag6"/>
  <system-out>
    <![CDATA[hii]]>
  </system-out>
  <testcase name="inconsistantBug" time="0.000" classname="testNG.Flag6"/>
  <system-out>
    <![CDATA[hii]]>
  </system-out>
  <testcase name="inconsistantBug" time="0.000" classname="testNG.Flag6"/>
  <system-out>
    <![CDATA[hii]]>
  </system-out>
  <testcase name="inconsistantBug" time="0.001" classname="testNG.Flag6"/>
  <system-out>
    <![CDATA[hii]]>
  </system-out>
  <testcase name="inconsistantBug" time="0.000" classname="testNG.Flag6"/>
  <system-out>
    <![CDATA[hii]]>
  </system-out>
  <testcase name="inconsistantBug" time="0.003" classname="testNG.Flag6"/>
  <system-out>
    <![CDATA[hii]]>
  </system-out>
  <testcase name="inconsistantBug" time="0.001" classname="testNG.Flag6"/>
  <system-out>
    <![CDATA[hii]]>
  </system-out>
  <testcase name="inconsistantBug" time="0.001" classname="testNG.Flag6"/>
  <system-out>
    <![CDATA[hii]]>
  </system-out>
  <testcase name="inconsistantBug" time="0.002" classname="testNG.Flag6"/>
  <system-out>
    <![CDATA[hii]]>
  </system-out>
  <testcase name="inconsistantBug" time="0.001" classname="testNG.Flag6"/>
  <system-out>
    <![CDATA[hii]]>
  </system-out>
  <testcase name="inconsistantBug" time="0.001" classname="testNG.Flag6"/>
  <system-out>
    <![CDATA[hii]]>
  </system-out>
  <testcase name="inconsistantBug" time="0.002" classname="testNG.Flag6"/>
  <system-out>
    <![CDATA[hii]]>
  </system-out>
  <testcase name="inconsistantBug" time="0.000" classname="testNG.Flag6"/>
  <system-out>
    <![CDATA[hii]]>
  </system-out>
  <testcase name="inconsistantBug" time="0.000" classname="testNG.Flag6"/>
  <system-out>
    <![CDATA[hii]]>
  </system-out>
  <testcase name="inconsistantBug" time="0.000" classname="testNG.Flag6"/>
  <system-out>
    <![CDATA[hii]]>
  </system-out>
  <testcase name="inconsistantBug" time="0.002" classname="testNG.Flag6"/>
  <system-out>
    <![CDATA[hii]]>
  </system-out>
  <testcase name="inconsistantBug" time="0.000" classname="testNG.Flag6"/>
  <system-out>
    <![CDATA[hii]]>
  </system-out>
  <testcase name="inconsistantBug" time="0.003" classname="testNG.Flag6"/>
  <system-out>
    <![CDATA[hii]]>
  </system-out>
  <testcase name="inconsistantBug" time="0.003" classname="testNG.Flag6"/>
  <system-out>
    <![CDATA[hii]]>
  </system-out>
  <testcase name="inconsistantBug" time="0.001" classname="testNG.Flag6"/>
  <system-out>
    <![CDATA[hii]]>
  </system-out>
  <testcase name="inconsistantBug" time="0.002" classname="testNG.Flag6"/>
  <system-out>
    <![CDATA[hii]]>
  </system-out>
  <testcase name="inconsistantBug" time="0.001" classname="testNG.Flag6"/>
  <system-out>
[...]
  <system-out>
    <![CDATA[hii]]>
  </system-out>
  <testcase name="inconsistantBug" time="0.002" classname="testNG.Flag6"/>
  <system-out>
    <![CDATA[hii]]>
  </system-out>
  <testcase name="inconsistantBug" time="0.000" classname="testNG.Flag6"/>
  <system-out>
    <![CDATA[hii]]>
  </system-out>
  <testcase name="inconsistantBug" time="0.001" classname="testNG.Flag6"/>
  <system-out>
    <![CDATA[hii]]>
  </system-out>
  <testcase name="inconsistantBug" time="0.001" classname="testNG.Flag6"/>
  <system-out>
    <![CDATA[hii]]>
  </system-out>
  <testcase name="inconsistantBug" time="0.000" classname="testNG.Flag6"/>
  <system-out>
    <![CDATA[hii]]>
  </system-out>
  <testcase name="inconsistantBug" time="0.002" classname="testNG.Flag6"/>
  <system-out>
    <![CDATA[hii]]>
  </system-out>
  <testcase name="inconsistantBug" time="0.003" classname="testNG.Flag6"/>
  <system-out>
    <![CDATA[hii]]>
  </system-out>
  <testcase name="inconsistantBug" time="0.001" classname="testNG.Flag6"/>
  <system-out>
    <![CDATA[hii]]>
  </system-out>
  <testcase name="inconsistantBug" time="0.001" classname="testNG.Flag6"/>
  <system-out>
    <![CDATA[hii]]>
  </system-out>
  <testcase name="inconsistantBug" time="0.001" classname="testNG.Flag6"/>
  <system-out>
    <![CDATA[hii]]>
  </system-out>
  <testcase name="inconsistantBug" time="0.001" classname="testNG.Flag6"/>
  <system-out>
    <![CDATA[hii]]>
  </system-out>
  <testcase name="inconsistantBug" time="0.001" classname="testNG.Flag6"/>
  <system-out>
    <![CDATA[hii]]>
  </system-out>
  <testcase name="inconsistantBug" time="0.002" classname="testNG.Flag6"/>
  <system-out>
    <![CDATA[hii]]>
  </system-out>
  <testcase name="inconsistantBug" time="0.001" classname="testNG.Flag6"/>
  <system-out>
    <![CDATA[hii]]>
  </system-out>
  <testcase name="inconsistantBug" time="0.000" classname="testNG.Flag6"/>
  <system-out>
    <![CDATA[hii]]>
  </system-out>
  <testcase name="inconsistantBug" time="0.001" classname="testNG.Flag6"/>
  <system-out>
    <![CDATA[hii]]>
  </system-out>
  <testcase name="inconsistantBug" time="0.001" classname="testNG.Flag6"/>
  <system-out>
    <![CDATA[hii]]>
  </system-out>
  <testcase name="inconsistantBug" time="0.002" classname="testNG.Flag6"/>
  <system-out>
    <![CDATA[hii]]>
  </system-out>
  <testcase name="inconsistantBug" time="0.001" classname="testNG.Flag6"/>
  <system-out>
    <![CDATA[hii]]>
  </system-out>
  <testcase name="inconsistantBug" time="0.002" classname="testNG.Flag6"/>
  <system-out>
    <![CDATA[hii]]>
  </system-out>
  <testcase name="inconsistantBug" time="0.001" classname="testNG.Flag6"/>
  <system-out>
    <![CDATA[hii]]>
  </system-out>
  <testcase name="inconsistantBug" time="0.002" classname="testNG.Flag6"/>
  <system-out>
    <![CDATA[hii]]>
  </system-out>
  <testcase name="inconsistantBug" time="0.002" classname="testNG.Flag6"/>
  <system-out>
    <![CDATA[hii]]>
  </system-out>
  <testcase name="inconsistantBug" time="0.001" classname="testNG.Flag6"/>
  <system-out>
    <![CDATA[hii]]>
  </system-out>
  <testcase name="inconsistantBug" time="0.000" classname="testNG.Flag6"/>
  <system-out>
    <![CDATA[hii]]>
  </system-out>
  <testcase name="inconsistantBug" time="0.001" classname="testNG.Flag6"/>
  <system-out>
    <![CDATA[hii]]>
  </system-out>
  <testcase name="inconsistantBug" time="0.001" classname="testNG.Flag6"/>
  <system-out>
    <![CDATA[hii]]>
  </system-out>
  <testcase name="inconsistantBug" time="0.000" classname="testNG.Flag6"/>
  <system-out>
    <![CDATA[hii]]>
  </system-out>
  <testcase name="inconsistantBug" time="0.002" classname="testNG.Flag6"/>
  <system-out>
    <![CDATA[hii]]>
  </system-out>
  <testcase name="inconsistantBug" time="0.001" classname="testNG.Flag6"/>
  <system-out>
    <![CDATA[hii]]>
  </system-out>
  <testcase name="inconsistantBug" time="0.001" classname="testNG.Flag6"/>
  <system-out>
    <![CDATA[hii]]>
  </system-out>
  <testcase name="inconsistantBug" time="0.000" classname="testNG.Flag6"/>
  <system-out>
    <![CDATA[hii]]>
  </system-out>
  <testcase name="inconsistantBug" time="0.001" classname="testNG.Flag6"/>
  <system-out>
    <![CDATA[hii]]>
  </system-out>
  <testcase name="inconsistantBug" time="0.001" classname="testNG.Flag6"/>
  <system-out>
    <![CDATA[hii]]>
  </system-out>
  <testcase name="inconsistantBug" time="0.002" classname="testNG.Flag6"/>
  <system-out>
    <![CDATA[hii]]>
  </system-out>
  <testcase name="inconsistantBug" time="0.003" classname="testNG.Flag6"/>
  <system-out>
    <![CDATA[hii]]>
  </system-out>
  <testcase name="inconsistantBug" time="0.004" classname="testNG.Flag6"/>
  <system-out>
    <![CDATA[hii]]>
  </system-out>
  <testcase name="inconsistantBug" time="0.001" classname="testNG.Flag6"/>
  <system-out>
    <![CDATA[hii]]>
  </system-out>
  <testcase name="inconsistantBug" time="0.001" classname="testNG.Flag6"/>
  <system-out>
    <![CDATA[hii]]>
  </system-out>
  <testcase name="inconsistantBug" time="0.001" classname="testNG.Flag6"/>
  <system-out>
    <![CDATA[hii]]>
  </system-out>
  <testcase name="inconsistantBug" time="0.001" classname="testNG.Flag6"/>
  <system-out>
    <![CDATA[hii]]>
  </system-out>
  <testcase name="inconsistantBug" time="0.000" classname="testNG.Flag6"/>
  <system-out>
    <![CDATA[hii]]>
  </system-out>
  <testcase name="inconsistantBug" time="0.005" classname="testNG.Flag6"/>
  <system-out>
    <![CDATA[hii]]>
  </system-out>
  <testcase name="inconsistantBug" time="0.001" classname="testNG.Flag6"/>
  <system-out>
    <![CDATA[hii]]>
  </system-out>
  <testcase name="inconsistantBug" time="0.000" classname="testNG.Flag6"/>
  <system-out>
    <![CDATA[hii]]>
  </system-out>
  <testcase name="inconsistantBug" time="0.001" classname="testNG.Flag6"/>
  <system-out>
    <![CDATA[hii]]>
  </system-out>
  <testcase name="inconsistantBug" time="0.001" classname="testNG.Flag6"/>
  <system-out>
    <![CDATA[hii]]>
  </system-out>
  <testcase name="inconsistantBug" time="0.001" classname="testNG.Flag6"/>
  <system-out>
    <![CDATA[hii]]>
  </system-out>
  <testcase name="inconsistantBug" time="0.001" classname="testNG.Flag6"/>
  <system-out>
    <![CDATA[hii]]>
  </system-out>
  <testcase name="inconsistantBug" time="0.001" classname="testNG.Flag6"/>
  <system-out>
    <![CDATA[hii]]>
  </system-out>
  <testcase name="inconsistantBug" time="0.001" classname="testNG.Flag6"/>
  <system-out>
    <![CDATA[hii]]>
  </system-out>
  <testcase name="inconsistantBug" time="0.002" classname="testNG.Flag6"/>
  <system-out>
    <![CDATA[hii]]>
  </system-out>
  <testcase name="inconsistantBug" time="0.001" classname="testNG.Flag6"/>
  <system-out>
    <![CDATA[hii]]>
  </system-out>
  <testcase name="inconsistantBug" time="0.001" classname="testNG.Flag6"/>
  <system-out>
    <![CDATA[hii]]>
  </system-out>
  <testcase name="inconsistantBug" time="0.001" classname="testNG.Flag6"/>
  <system-out>
    <![CDATA[hii]]>
  </system-out>
  <testcase name="inconsistantBug" time="0.001" classname="testNG.Flag6"/>
  <system-out>
    <![CDATA[hii]]>
  </system-out>
  <testcase name="inconsistantBug" time="0.001" classname="testNG.Flag6"/>
  <system-out>
    <![CDATA[hii]]>
  </system-out>
  <testcase name="inconsistantBug" time="0.001" classname="testNG.Flag6"/>
  <system-out>
    <![CDATA[hii]]>
  </system-out>
  <testcase name="inconsistantBug" time="0.000" classname="testNG.Flag6"/>
  <system-out>
    <![CDATA[hii]]>
  </system-out>
  <testcase name="inconsistantBug" time="0.002" classname="testNG.Flag6"/>
  <system-out>
    <![CDATA[hii]]>
  </system-out>
  <testcase name="inconsistantBug" time="0.001" classname="testNG.Flag6"/>
  <system-out>
    <![CDATA[hii]]>
  </system-out>
  <testcase name="inconsistantBug" time="0.000" classname="testNG.Flag6"/>
  <system-out>
    <![CDATA[hii]]>
  </system-out>
  <testcase name="inconsistantBug" time="0.000" classname="testNG.Flag6"/>
  <system-out>
    <![CDATA[hii]]>
  </system-out>
  <testcase name="inconsistantBug" time="0.003" classname="testNG.Flag6"/>
  <system-out>
    <![CDATA[hii]]>
  </system-out>
  <testcase name="inconsistantBug" time="0.001" classname="testNG.Flag6"/>
  <system-out>
    <![CDATA[hii]]>
  </system-out>
  <testcase name="inconsistantBug" time="0.000" classname="testNG.Flag6"/>
  <system-out>
    <![CDATA[hii]]>
  </system-out>
  <testcase name="inconsistantBug" time="0.002" classname="testNG.Flag6"/>
  <system-out>
    <![CDATA[hii]]>
  </system-out>
  <testcase name="inconsistantBug" time="0.003" classname="testNG.Flag6"/>
  <system-out>
    <![CDATA[hii]]>
  </system-out>
  <testcase name="inconsistantBug" time="0.000" classname="testNG.Flag6"/>
  <system-out>
    <![CDATA[hii]]>
  </system-out>
  <testcase name="inconsistantBug" time="0.004" classname="testNG.Flag6"/>
  <system-out>
    <![CDATA[hii]]>
  </system-out>
  <testcase name="inconsistantBug" time="0.001" classname="testNG.Flag6"/>
  <system-out>
    <![CDATA[hii]]>
  </system-out>
  <testcase name="inconsistantBug" time="0.001" classname="testNG.Flag6"/>
  <system-out>
    <![CDATA[hii]]>
  </system-out>
  <testcase name="inconsistantBug" time="0.001" classname="testNG.Flag6"/>
  <system-out>
    <![CDATA[hii]]>
  </system-out>
  <testcase name="inconsistantBug" time="0.001" classname="testNG.Flag6"/>
  <system-out>
    <![CDATA[hii]]>
  </system-out>
  <testcase name="inconsistantBug" time="0.000" classname="testNG.Flag6"/>
  <system-out>
    <![CDATA[hii]]>
  </system-out>
  <testcase name="inconsistantBug" time="0.000" classname="testNG.Flag6"/>
  <system-out>
    <![CDATA[hii]]>
  </system-out>
  <testcase name="inconsistantBug" time="0.000" classname="testNG.Flag6"/>
  <system-out>
    <![CDATA[hii]]>
  </system-out>
  <testcase name="inconsistantBug" time="0.002" classname="testNG.Flag6"/>
  <system-out>
    <![CDATA[hii]]>
  </system-out>
  <testcase name="inconsistantBug" time="0.000" classname="testNG.Flag6"/>
  <system-out>
    <![CDATA[hii]]>
  </system-out>
  <testcase name="inconsistantBug" time="0.002" classname="testNG.Flag6"/>
  <system-out>
    <![CDATA[hii]]>
  </system-out>
  <testcase name="inconsistantBug" time="0.001" classname="testNG.Flag6"/>
  <system-out>
    <![CDATA[hii]]>
  </system-out>
  <testcase name="inconsistantBug" time="0.001" classname="testNG.Flag6"/>
  <system-out>
    <![CDATA[hii]]>
  </system-out>
  <testcase name="inconsistantBug" time="0.003" classname="testNG.Flag6"/>
  <system-out>
    <![CDATA[hii]]>
  </system-out>
  <testcase name="inconsistantBug" time="0.002" classname="testNG.Flag6"/>
  <system-out>
    <![CDATA[hii]]>
  </system-out>
  <testcase name="inconsistantBug" time="0.001" classname="testNG.Flag6"/>
  <system-out>
    <![CDATA[hii]]>
  </system-out>
  <testcase name="inconsistantBug" time="0.000" classname="testNG.Flag6"/>
  <system-out>
    <![CDATA[hii]]>
  </system-out>
  <testcase name="inconsistantBug" time="0.000" classname="testNG.Flag6"/>
  <system-out>
    <![CDATA[hii]]>
  </system-out>
  <testcase name="inconsistantBug" time="0.003" classname="testNG.Flag6"/>
  <system-out>
    <![CDATA[hii]]>
  </system-out>
  <testcase name="inconsistantBug" time="0.000" classname="testNG.Flag6"/>
  <system-out>
    <![CDATA[hii]]>
  </system-out>
  <testcase name="inconsistantBug" time="0.001" classname="testNG.Flag6"/>
  <system-out>
    <![CDATA[hii]]>
  </system-out>
  <testcase name="inconsistantBug" time="0.001" classname="testNG.Flag6"/>
  <system-out>
    <![CDATA[hii]]>
  </system-out>
  <testcase name="inconsistantBug" time="0.001" classname="testNG.Flag6"/>
  <system-out>
    <![CDATA[hii]]>
  </system-out>
  <testcase name="inconsistantBug" time="0.002" classname="testNG.Flag6"/>
  <system-out>
    <![CDATA[hii]]>
  </system-out>
  <testcase name="inconsistantBug" time="0.002" classname="testNG.Flag6"/>
  <system-out>
    <![CDATA[hii]]>
  </system-out>
  <testcase name="inconsistantBug" time="0.003" classname="testNG.Flag6"/>
  <system-out>
    <![CDATA[hii]]>
  </system-out>
  <testcase name="inconsistantBug" time="0.000" classname="testNG.Flag6"/>
  <system-out>
    <![CDATA[hii]]>
  </system-out>
  <testcase name="inconsistantBug" time="0.001" classname="testNG.Flag6"/>
  <system-out>
    <![CDATA[hii]]>
  </system-out>
  <testcase name="inconsistantBug" time="0.001" classname="testNG.Flag6"/>
  <system-out>
    <![CDATA[hii]]>
  </system-out>
  <testcase name="inconsistantBug" time="0.001" classname="testNG.Flag6"/>
  <system-out>
    <![CDATA[hii]]>
  </system-out>
  <testcase name="inconsistantBug" time="0.001" classname="testNG.Flag6"/>
  <system-out>
    <![CDATA[hii]]>
  </system-out>
  <testcase name="inconsistantBug" time="0.001" classname="testNG.Flag6"/>
  <system-out>
    <![CDATA[hii]]>
  </system-out>
  <testcase name="inconsistantBug" time="0.000" classname="testNG.Flag6"/>
  <system-out>
    <![CDATA[hii]]>
  </system-out>
  <testcase name="inconsistantBug" time="0.002" classname="testNG.Flag6"/>
  <system-out>
    <![CDATA[hii]]>
  </system-out>
  <testcase name="inconsistantBug" time="0.000" classname="testNG.Flag6"/>
  <system-out>
    <![CDATA[hii]]>
  </system-out>
  <testcase name="inconsistantBug" time="0.001" classname="testNG.Flag6"/>
  <system-out>
    <![CDATA[hii]]>
  </system-out>
  <testcase name="inconsistantBug" time="0.003" classname="testNG.Flag6"/>
  <system-out>
    <![CDATA[hii]]>
  </system-out>
  <testcase name="inconsistantBug" time="0.001" classname="testNG.Flag6"/>
  <system-out>
    <![CDATA[hii]]>
  </system-out>
  <testcase name="inconsistantBug" time="0.000" classname="testNG.Flag6"/>
  <system-out>
    <![CDATA[hii]]>
  </system-out>
  <testcase name="inconsistantBug" time="0.002" classname="testNG.Flag6"/>
  <system-out>
    <![CDATA[hii]]>
  </system-out>
  <testcase name="inconsistantBug" time="0.002" classname="testNG.Flag6"/>
  <system-out>
    <![CDATA[hii]]>
  </system-out>
  <testcase name="inconsistantBug" time="0.001" classname="testNG.Flag6"/>
  <system-out>
    <![CDATA[hii]]>
  </system-out>
  <testcase name="inconsistantBug" time="0.001" classname="testNG.Flag6"/>
  <system-out>
    <![CDATA[hii]]>
  </system-out>
  <testcase name="inconsistantBug" time="0.000" classname="testNG.Flag6"/>
  <system-out>
    <![CDATA[hii]]>
  </system-out>
  <testcase name="inconsistantBug" time="0.001" classname="testNG.Flag6"/>
  <system-out>
    <![CDATA[hii]]>
  </system-out>
  <testcase name="inconsistantBug" time="0.001" classname="testNG.Flag6"/>
  <system-out>
    <![CDATA[hii]]>
  </system-out>
  <testcase name="inconsistantBug" time="0.002" classname="testNG.Flag6"/>
  <system-out>
    <![CDATA[hii]]>
  </system-out>
  <testcase name="inconsistantBug" time="0.000" classname="testNG.Flag6"/>
  <system-out>
    <![CDATA[hii]]>
  </system-out>
  <testcase name="inconsistantBug" time="0.004" classname="testNG.Flag6"/>
  <system-out>
    <![CDATA[hii]]>
  </system-out>
  <testcase name="inconsistantBug" time="0.001" classname="testNG.Flag6"/>
  <system-out>
    <![CDATA[hii]]>
  </system-out>
  <testcase name="inconsistantBug" time="0.000" classname="testNG.Flag6"/>
  <system-out>
    <![CDATA[hii]]>
  </system-out>
  <testcase name="inconsistantBug" time="0.002" classname="testNG.Flag6"/>
  <system-out>
    <![CDATA[hii]]>
  </system-out>
  <testcase name="inconsistantBug" time="0.001" classname="testNG.Flag6"/>
  <system-out>
    <![CDATA[hii]]>
  </system-out>
  <testcase name="inconsistantBug" time="0.003" classname="testNG.Flag6"/>
  <system-out>
    <![CDATA[hii]]>
  </system-out>
  <testcase name="inconsistantBug" time="0.000" classname="testNG.Flag6"/>
  <system-out>
    <![CDATA[hii]]>
  </system-out>
  <testcase name="inconsistantBug" time="0.002" classname="testNG.Flag6"/>
  <system-out>
    <![CDATA[hii]]>
  </system-out>
  <testcase name="inconsistantBug" time="0.001" classname="testNG.Flag6"/>
  <system-out>
    <![CDATA[hii]]>
  </system-out>
  <testcase name="inconsistantBug" time="0.003" classname="testNG.Flag6"/>
  <system-out>
    <![CDATA[hii]]>
  </system-out>
  <testcase name="inconsistantBug" time="0.000" classname="testNG.Flag6"/>
  <system-out>
    <![CDATA[hii]]>
  </system-out>
  <testcase name="inconsistantBug" time="0.002" classname="testNG.Flag6"/>
  <system-out>
    <![CDATA[hii]]>
  </system-out>
  <testcase name="inconsistantBug" time="0.001" classname="testNG.Flag6"/>
  <system-out>
    <![CDATA[hii]]>
  </system-out>
  <testcase name="inconsistantBug" time="0.001" classname="testNG.Flag6"/>
  <system-out>
    <![CDATA[hii]]>
  </system-out>
  <testcase name="inconsistantBug" time="0.001" classname="testNG.Flag6"/>
  <system-out>
    <![CDATA[hii]]>
  </system-out>
  <testcase name="inconsistantBug" time="0.001" classname="testNG.Flag6"/>
  <system-out>
    <![CDATA[hii]]>
  </system-out>
  <testcase name="inconsistantBug" time="0.001" classname="testNG.Flag6"/>
  <system-out>
    <![CDATA[hii]]>
  </system-out>
  <testcase name="inconsistantBug" time="0.002" classname="testNG.Flag6"/>
  <system-out>
    <![CDATA[hii]]>
  </system-out>
  <testcase name="inconsistantBug" time="0.002" classname="testNG.Flag6"/>
  <system-out>
    <![CDATA[hii]]>
  </system-out>
  <testcase name="inconsistantBug" time="0.002" classname="testNG.Flag6"/>
  <system-out>
    <![CDATA[hii]]>
  </system-out>
  <testcase name="inconsistantBug" time="0.001" classname="testNG.Flag6"/>
  <system-out>
    <![CDATA[hii]]>
  </system-out>
  <testcase name="inconsistantBug" time="0.002" classname="testNG.Flag6"/>
  <system-out>
    <![CDATA[hii]]>
  </system-out>
  <testcase name="inconsistantBug" time="0.000" classname="testNG.Flag6"/>
  <system-out>
    <![CDATA[hii]]>
  </system-out>
  <testcase name="inconsistantBug" time="0.000" classname="testNG.Flag6"/>
  <system-out>
    <![CDATA[hii]]>
  </system-out>
  <testcase name="inconsistantBug" time="0.000" classname="testNG.Flag6"/>
  <system-out>
    <![CDATA[hii]]>
  </system-out>
  <testcase name="inconsistantBug" time="0.000" classname="testNG.Flag6"/>
  <system-out>
    <![CDATA[hii]]>
  </system-out>
  <testcase name="inconsistantBug" time="0.000" classname="testNG.Flag6"/>
  <system-out>
    <![CDATA[hii]]>
  </system-out>
  <testcase name="inconsistantBug" time="0.002" classname="testNG.Flag6"/>
  <system-out>
    <![CDATA[hii]]>
  </system-out>
  <testcase name="inconsistantBug" time="0.001" classname="testNG.Flag6"/>
  <system-out>
    <![CDATA[hii]]>
  </system-out>
  <testcase name="inconsistantBug" time="0.001" classname="testNG.Flag6"/>
  <system-out>
    <![CDATA[hii]]>
  </system-out>
  <testcase name="inconsistantBug" time="0.002" classname="testNG.Flag6"/>
  <system-out>
    <![CDATA[hii]]>
  </system-out>
  <testcase name="inconsistantBug" time="0.001" classname="testNG.Flag6"/>
  <system-out>
    <![CDATA[hii]]>
  </system-out>
  <testcase name="inconsistantBug" time="0.001" classname="testNG.Flag6"/>
  <system-out>
    <![CDATA[hii]]>
  </system-out>
  <testcase name="inconsistantBug" time="0.001" classname="testNG.Flag6"/>
  <system-out>
    <![CDATA[hii]]>
  </system-out>
  <testcase name="inconsistantBug" time="0.004" classname="testNG.Flag6"/>
  <system-out>
    <![CDATA[hii]]>
  </system-out>
  <testcase name="inconsistantBug" time="0.002" classname="testNG.Flag6"/>
  <system-out>
    <![CDATA[hii]]>
  </system-out>
  <testcase name="inconsistantBug" time="0.000" classname="testNG.Flag6"/>
  <system-out>
    <![CDATA[hii]]>
  </system-out>
  <testcase name="inconsistantBug" time="0.001" classname="testNG.Flag6"/>
  <system-out>
    <![CDATA[hii]]>
  </system-out>
  <testcase name="inconsistantBug" time="0.001" classname="testNG.Flag6"/>
  <system-out>
    <![CDATA[hii]]>
  </system-out>
  <testcase name="inconsistantBug" time="0.000" classname="testNG.Flag6"/>
  <system-out>
    <![CDATA[hii]]>
  </system-out>
  <testcase name="inconsistantBug" time="0.000" classname="testNG.Flag6"/>
  <system-out>
    <![CDATA[hii]]>
  </system-out>
</testsuite> <!-- testNG.Flag6 -->
